                      :-) GROMACS - gmx mdrun, 2019.3 (-:

                            GROMACS is written by:
     Emile Apol      Rossen Apostolov      Paul Bauer     Herman J.C. Berendsen
    Par Bjelkmar      Christian Blau   Viacheslav Bolnykh     Kevin Boyd    
 Aldert van Buuren   Rudi van Drunen     Anton Feenstra       Alan Gray     
  Gerrit Groenhof     Anca Hamuraru    Vincent Hindriksen  M. Eric Irrgang  
  Aleksei Iupinov   Christoph Junghans     Joe Jordan     Dimitrios Karkoulis
    Peter Kasson        Jiri Kraus      Carsten Kutzner      Per Larsson    
  Justin A. Lemkul    Viveca Lindahl    Magnus Lundborg     Erik Marklund   
    Pascal Merz     Pieter Meulenhoff    Teemu Murtola       Szilard Pall   
    Sander Pronk      Roland Schulz      Michael Shirts    Alexey Shvetsov  
   Alfons Sijbers     Peter Tieleman      Jon Vincent      Teemu Virolainen 
 Christian Wennberg    Maarten Wolf   
                           and the project leaders:
        Mark Abraham, Berk Hess, Erik Lindahl, and David van der Spoel

Copyright (c) 1991-2000, University of Groningen, The Netherlands.
Copyright (c) 2001-2018, The GROMACS development team at
Uppsala University, Stockholm University and
the Royal Institute of Technology, Sweden.
check out http://www.gromacs.org for more information.

GROMACS is free software; you can redistribute it and/or modify it
under the terms of the GNU Lesser General Public License
as published by the Free Software Foundation; either version 2.1
of the License, or (at your option) any later version.

GROMACS:      gmx mdrun, version 2019.3
Executable:   /home/dgomes/software/gmx2019.3/bin/gmx
Data prefix:  /home/dgomes/software/gmx2019.3
Working dir:  /home/dgomes/water_md/opc
Process ID:   20337
Command line:
  gmx mdrun -deffnm eql

GROMACS version:    2019.3
Precision:          single
Memory model:       64 bit
MPI library:        thread_mpi
OpenMP support:     enabled (GMX_OPENMP_MAX_THREADS = 64)
GPU support:        disabled
SIMD instructions:  SSE4.1
FFT library:        fftw-3.3.8-sse2
RDTSCP usage:       disabled
TNG support:        enabled
Hwloc support:      disabled
Tracing support:    disabled
C compiler:         /usr/bin/cc GNU 4.8.5
C compiler flags:    -msse4.1     -O3 -DNDEBUG -funroll-all-loops -fexcess-precision=fast  
C++ compiler:       /usr/bin/c++ GNU 4.8.5
C++ compiler flags:  -msse4.1    -std=c++11   -O3 -DNDEBUG -funroll-all-loops -fexcess-precision=fast  


Running on 1 node with total 8 cores, 8 logical cores
Hardware detected:
  CPU info:
    Vendor: Intel
    Brand:  Intel(R) Xeon(R) CPU           E5420  @ 2.50GHz
    Family: 6   Model: 23   Stepping: 10
    Features: apic clfsh cmov cx8 cx16 intel lahf mmx msr pdcm pse sse2 sse3 sse4.1 ssse3
  Hardware topology: Only logical processor count


++++ PLEASE READ AND CITE THE FOLLOWING REFERENCE ++++
M. J. Abraham, T. Murtola, R. Schulz, S. Páll, J. C. Smith, B. Hess, E.
Lindahl
GROMACS: High performance molecular simulations through multi-level
parallelism from laptops to supercomputers
SoftwareX 1 (2015) pp. 19-25
-------- -------- --- Thank You --- -------- --------


++++ PLEASE READ AND CITE THE FOLLOWING REFERENCE ++++
S. Páll, M. J. Abraham, C. Kutzner, B. Hess, E. Lindahl
Tackling Exascale Software Challenges in Molecular Dynamics Simulations with
GROMACS
In S. Markidis & E. Laure (Eds.), Solving Software Challenges for Exascale 8759 (2015) pp. 3-27
-------- -------- --- Thank You --- -------- --------


++++ PLEASE READ AND CITE THE FOLLOWING REFERENCE ++++
S. Pronk, S. Páll, R. Schulz, P. Larsson, P. Bjelkmar, R. Apostolov, M. R.
Shirts, J. C. Smith, P. M. Kasson, D. van der Spoel, B. Hess, and E. Lindahl
GROMACS 4.5: a high-throughput and highly parallel open source molecular
simulation toolkit
Bioinformatics 29 (2013) pp. 845-54
-------- -------- --- Thank You --- -------- --------


++++ PLEASE READ AND CITE THE FOLLOWING REFERENCE ++++
B. Hess and C. Kutzner and D. van der Spoel and E. Lindahl
GROMACS 4: Algorithms for highly efficient, load-balanced, and scalable
molecular simulation
J. Chem. Theory Comput. 4 (2008) pp. 435-447
-------- -------- --- Thank You --- -------- --------


++++ PLEASE READ AND CITE THE FOLLOWING REFERENCE ++++
D. van der Spoel, E. Lindahl, B. Hess, G. Groenhof, A. E. Mark and H. J. C.
Berendsen
GROMACS: Fast, Flexible and Free
J. Comp. Chem. 26 (2005) pp. 1701-1719
-------- -------- --- Thank You --- -------- --------


++++ PLEASE READ AND CITE THE FOLLOWING REFERENCE ++++
E. Lindahl and B. Hess and D. van der Spoel
GROMACS 3.0: A package for molecular simulation and trajectory analysis
J. Mol. Mod. 7 (2001) pp. 306-317
-------- -------- --- Thank You --- -------- --------


++++ PLEASE READ AND CITE THE FOLLOWING REFERENCE ++++
H. J. C. Berendsen, D. van der Spoel and R. van Drunen
GROMACS: A message-passing parallel molecular dynamics implementation
Comp. Phys. Comm. 91 (1995) pp. 43-56
-------- -------- --- Thank You --- -------- --------


++++ PLEASE CITE THE DOI FOR THIS VERSION OF GROMACS ++++
https://doi.org/10.5281/zenodo.3243833
-------- -------- --- Thank You --- -------- --------

Input Parameters:
   integrator                     = md
   tinit                          = 0
   dt                             = 0.002
   nsteps                         = 50000
   init-step                      = 0
   simulation-part                = 1
   comm-mode                      = Linear
   nstcomm                        = 100
   bd-fric                        = 0
   ld-seed                        = 289208670
   emtol                          = 10
   emstep                         = 0.01
   niter                          = 20
   fcstep                         = 0
   nstcgsteep                     = 1000
   nbfgscorr                      = 10
   rtpi                           = 0.05
   nstxout                        = 0
   nstvout                        = 0
   nstfout                        = 0
   nstlog                         = 2000
   nstcalcenergy                  = 100
   nstenergy                      = 200
   nstxout-compressed             = 10000
   compressed-x-precision         = 1000
   cutoff-scheme                  = Verlet
   nstlist                        = 10
   ns-type                        = Grid
   pbc                            = xyz
   periodic-molecules             = false
   verlet-buffer-tolerance        = 0.005
   rlist                          = 1.01
   coulombtype                    = PME
   coulomb-modifier               = Potential-shift
   rcoulomb-switch                = 0
   rcoulomb                       = 1
   epsilon-r                      = 1
   epsilon-rf                     = inf
   vdw-type                       = Cut-off
   vdw-modifier                   = Potential-shift
   rvdw-switch                    = 0
   rvdw                           = 1
   DispCorr                       = EnerPres
   table-extension                = 1
   fourierspacing                 = 0.12
   fourier-nx                     = 25
   fourier-ny                     = 25
   fourier-nz                     = 25
   pme-order                      = 4
   ewald-rtol                     = 1e-05
   ewald-rtol-lj                  = 0.001
   lj-pme-comb-rule               = Geometric
   ewald-geometry                 = 0
   epsilon-surface                = 0
   tcoupl                         = Nose-Hoover
   nsttcouple                     = 10
   nh-chain-length                = 1
   print-nose-hoover-chain-variables = false
   pcoupl                         = No
   pcoupltype                     = Isotropic
   nstpcouple                     = -1
   tau-p                          = 1
   compressibility (3x3):
      compressibility[    0]={ 0.00000e+00,  0.00000e+00,  0.00000e+00}
      compressibility[    1]={ 0.00000e+00,  0.00000e+00,  0.00000e+00}
      compressibility[    2]={ 0.00000e+00,  0.00000e+00,  0.00000e+00}
   ref-p (3x3):
      ref-p[    0]={ 0.00000e+00,  0.00000e+00,  0.00000e+00}
      ref-p[    1]={ 0.00000e+00,  0.00000e+00,  0.00000e+00}
      ref-p[    2]={ 0.00000e+00,  0.00000e+00,  0.00000e+00}
   refcoord-scaling               = No
   posres-com (3):
      posres-com[0]= 0.00000e+00
      posres-com[1]= 0.00000e+00
      posres-com[2]= 0.00000e+00
   posres-comB (3):
      posres-comB[0]= 0.00000e+00
      posres-comB[1]= 0.00000e+00
      posres-comB[2]= 0.00000e+00
   QMMM                           = false
   QMconstraints                  = 0
   QMMMscheme                     = 0
   MMChargeScaleFactor            = 1
qm-opts:
   ngQM                           = 0
   constraint-algorithm           = Lincs
   continuation                   = false
   Shake-SOR                      = false
   shake-tol                      = 0.0001
   lincs-order                    = 4
   lincs-iter                     = 1
   lincs-warnangle                = 30
   nwall                          = 0
   wall-type                      = 9-3
   wall-r-linpot                  = -1
   wall-atomtype[0]               = -1
   wall-atomtype[1]               = -1
   wall-density[0]                = 0
   wall-density[1]                = 0
   wall-ewald-zfac                = 3
   pull                           = false
   awh                            = false
   rotation                       = false
   interactiveMD                  = false
   disre                          = No
   disre-weighting                = Conservative
   disre-mixed                    = false
   dr-fc                          = 1000
   dr-tau                         = 0
   nstdisreout                    = 100
   orire-fc                       = 0
   orire-tau                      = 0
   nstorireout                    = 100
   free-energy                    = no
   cos-acceleration               = 0
   deform (3x3):
      deform[    0]={ 0.00000e+00,  0.00000e+00,  0.00000e+00}
      deform[    1]={ 0.00000e+00,  0.00000e+00,  0.00000e+00}
      deform[    2]={ 0.00000e+00,  0.00000e+00,  0.00000e+00}
   simulated-tempering            = false
   swapcoords                     = no
   userint1                       = 0
   userint2                       = 0
   userint3                       = 0
   userint4                       = 0
   userreal1                      = 0
   userreal2                      = 0
   userreal3                      = 0
   userreal4                      = 0
   applied-forces:
     electric-field:
       x:
         E0                       = 0
         omega                    = 0
         t0                       = 0
         sigma                    = 0
       y:
         E0                       = 0
         omega                    = 0
         t0                       = 0
         sigma                    = 0
       z:
         E0                       = 0
         omega                    = 0
         t0                       = 0
         sigma                    = 0
grpopts:
   nrdf:        5451
   ref-t:      298.15
   tau-t:           2
annealing:          No
annealing-npoints:           0
   acc:	           0           0           0
   nfreeze:           N           N           N
   energygrp-flags[  0]: 0

Changing nstlist from 10 to 40, rlist from 1.01 to 1.117

Using 1 MPI thread
Using 8 OpenMP threads 

Pinning threads with an auto-selected logical core stride of 1
System total charge: 0.000
Will do PME sum in reciprocal space for electrostatic interactions.

++++ PLEASE READ AND CITE THE FOLLOWING REFERENCE ++++
U. Essmann, L. Perera, M. L. Berkowitz, T. Darden, H. Lee and L. G. Pedersen 
A smooth particle mesh Ewald method
J. Chem. Phys. 103 (1995) pp. 8577-8592
-------- -------- --- Thank You --- -------- --------

Using a Gaussian width (1/beta) of 0.320163 nm for Ewald
Potential shift: LJ r^-12: -1.000e+00 r^-6: -1.000e+00, Ewald -1.000e-05
Initialized non-bonded Ewald correction tables, spacing: 9.33e-04 size: 1073

Long Range LJ corr.: <C6> 2.2440e-04
Generated table with 1058 data points for Ewald.
Tabscale = 500 points/nm
Generated table with 1058 data points for LJ6.
Tabscale = 500 points/nm
Generated table with 1058 data points for LJ12.
Tabscale = 500 points/nm

Using SIMD 4x4 nonbonded short-range kernels

Using a dual 4x4 pair-list setup updated with dynamic pruning:
  outer list: updated every 40 steps, buffer 0.117 nm, rlist 1.117 nm
  inner list: updated every  7 steps, buffer 0.001 nm, rlist 1.001 nm
At tolerance 0.005 kJ/mol/ps per atom, equivalent classical 1x1 list would be:
  outer list: updated every 40 steps, buffer 0.222 nm, rlist 1.222 nm
  inner list: updated every  7 steps, buffer 0.025 nm, rlist 1.025 nm

Using geometric Lennard-Jones combination rule

Removing pbc first time

++++ PLEASE READ AND CITE THE FOLLOWING REFERENCE ++++
S. Miyamoto and P. A. Kollman
SETTLE: An Analytical Version of the SHAKE and RATTLE Algorithms for Rigid
Water Models
J. Comp. Chem. 13 (1992) pp. 952-962
-------- -------- --- Thank You --- -------- --------

Center of mass motion removal mode is Linear
We have the following groups for center of mass motion removal:
  0:  rest
There are: 2727 Atoms
There are: 909 VSites

Constraining the starting coordinates (step 0)

Constraining the coordinates at t0-dt (step 0)
RMS relative constraint deviation after constraining: 0.00e+00
Initial temperature: 303.117 K

Started mdrun on rank 0 Thu Jul 18 22:07:30 2019

           Step           Time
              0        0.00000

   Energies (kJ/mol)
        LJ (SR)  Disper. corr.   Coulomb (SR)   Coul. recip.      Potential
    9.54732e+03   -4.59844e+02   -6.38480e+04    1.19439e+02   -5.46411e+04
    Kinetic En.   Total Energy  Conserved En.    Temperature Pres. DC (bar)
    6.86894e+03   -4.77721e+04   -4.77721e+04    3.03116e+02   -2.83062e+02
 Pressure (bar)
   -1.98623e+03

           Step           Time
           2000        4.00000

   Energies (kJ/mol)
        LJ (SR)  Disper. corr.   Coulomb (SR)   Coul. recip.      Potential
    6.79286e+03   -4.59844e+02   -5.32847e+04    2.07462e+02   -4.67442e+04
    Kinetic En.   Total Energy  Conserved En.    Temperature Pres. DC (bar)
    6.25717e+03   -4.04871e+04   -4.69887e+04    2.76120e+02   -2.83062e+02
 Pressure (bar)
   -9.75832e+02

           Step           Time
           4000        8.00000

   Energies (kJ/mol)
        LJ (SR)  Disper. corr.   Coulomb (SR)   Coul. recip.      Potential
    6.90689e+03   -4.59844e+02   -5.18625e+04    2.54639e+02   -4.51609e+04
    Kinetic En.   Total Energy  Conserved En.    Temperature Pres. DC (bar)
    7.80201e+03   -3.73589e+04   -4.66577e+04    3.44291e+02   -2.83062e+02
 Pressure (bar)
    1.01766e+03

           Step           Time
           6000       12.00000

   Energies (kJ/mol)
        LJ (SR)  Disper. corr.   Coulomb (SR)   Coul. recip.      Potential
    7.49726e+03   -4.59844e+02   -5.40203e+04    2.09058e+02   -4.67738e+04
    Kinetic En.   Total Energy  Conserved En.    Temperature Pres. DC (bar)
    6.80918e+03   -3.99646e+04   -4.65588e+04    3.00479e+02   -2.83062e+02
 Pressure (bar)
    4.61633e+02

           Step           Time
           8000       16.00000

   Energies (kJ/mol)
        LJ (SR)  Disper. corr.   Coulomb (SR)   Coul. recip.      Potential
    7.39279e+03   -4.59844e+02   -5.44008e+04    2.11041e+02   -4.72568e+04
    Kinetic En.   Total Energy  Conserved En.    Temperature Pres. DC (bar)
    6.60637e+03   -4.06504e+04   -4.65780e+04    2.91530e+02   -2.83062e+02
 Pressure (bar)
   -2.64309e+02

           Step           Time
          10000       20.00000

   Energies (kJ/mol)
        LJ (SR)  Disper. corr.   Coulomb (SR)   Coul. recip.      Potential
    7.34683e+03   -4.59844e+02   -5.38833e+04    2.22508e+02   -4.67738e+04
    Kinetic En.   Total Energy  Conserved En.    Temperature Pres. DC (bar)
    6.91070e+03   -3.98631e+04   -4.65798e+04    3.04959e+02   -2.83062e+02
 Pressure (bar)
    2.73267e+02

           Step           Time
          12000       24.00000

   Energies (kJ/mol)
        LJ (SR)  Disper. corr.   Coulomb (SR)   Coul. recip.      Potential
    7.33993e+03   -4.59844e+02   -5.39803e+04    2.08562e+02   -4.68917e+04
    Kinetic En.   Total Energy  Conserved En.    Temperature Pres. DC (bar)
    6.97838e+03   -3.99133e+04   -4.65501e+04    3.07946e+02   -2.83062e+02
 Pressure (bar)
    7.25588e+01

           Step           Time
          14000       28.00000

   Energies (kJ/mol)
        LJ (SR)  Disper. corr.   Coulomb (SR)   Coul. recip.      Potential
    7.39738e+03   -4.59844e+02   -5.40796e+04    2.26546e+02   -4.69156e+04
    Kinetic En.   Total Energy  Conserved En.    Temperature Pres. DC (bar)
    6.82345e+03   -4.00921e+04   -4.65433e+04    3.01109e+02   -2.83062e+02
 Pressure (bar)
    2.51007e+02

           Step           Time
          16000       32.00000

   Energies (kJ/mol)
        LJ (SR)  Disper. corr.   Coulomb (SR)   Coul. recip.      Potential
    7.38189e+03   -4.59844e+02   -5.42138e+04    2.19970e+02   -4.70718e+04
    Kinetic En.   Total Energy  Conserved En.    Temperature Pres. DC (bar)
    6.77635e+03   -4.02954e+04   -4.65561e+04    2.99030e+02   -2.83062e+02
 Pressure (bar)
   -7.68994e+00

           Step           Time
          18000       36.00000

   Energies (kJ/mol)
        LJ (SR)  Disper. corr.   Coulomb (SR)   Coul. recip.      Potential
    7.00040e+03   -4.59844e+02   -5.30369e+04    2.33674e+02   -4.62627e+04
    Kinetic En.   Total Energy  Conserved En.    Temperature Pres. DC (bar)
    6.74559e+03   -3.95171e+04   -4.65404e+04    2.97673e+02   -2.83062e+02
 Pressure (bar)
    8.63913e+00

           Step           Time
          20000       40.00000

   Energies (kJ/mol)
        LJ (SR)  Disper. corr.   Coulomb (SR)   Coul. recip.      Potential
    7.55036e+03   -4.59844e+02   -5.42744e+04    2.15467e+02   -4.69684e+04
    Kinetic En.   Total Energy  Conserved En.    Temperature Pres. DC (bar)
    6.56760e+03   -4.04008e+04   -4.65072e+04    2.89819e+02   -2.83062e+02
 Pressure (bar)
    4.45451e+02

           Step           Time
          22000       44.00000

   Energies (kJ/mol)
        LJ (SR)  Disper. corr.   Coulomb (SR)   Coul. recip.      Potential
    7.84622e+03   -4.59844e+02   -5.46107e+04    1.96179e+02   -4.70281e+04
    Kinetic En.   Total Energy  Conserved En.    Temperature Pres. DC (bar)
    6.77062e+03   -4.02575e+04   -4.65148e+04    2.98778e+02   -2.83062e+02
 Pressure (bar)
    1.05549e+03

           Step           Time
          24000       48.00000

   Energies (kJ/mol)
        LJ (SR)  Disper. corr.   Coulomb (SR)   Coul. recip.      Potential
    7.48453e+03   -4.59844e+02   -5.38992e+04    2.19881e+02   -4.66546e+04
    Kinetic En.   Total Energy  Conserved En.    Temperature Pres. DC (bar)
    7.01089e+03   -3.96437e+04   -4.65044e+04    3.09380e+02   -2.83062e+02
 Pressure (bar)
    4.97121e+02

           Step           Time
          26000       52.00000

   Energies (kJ/mol)
        LJ (SR)  Disper. corr.   Coulomb (SR)   Coul. recip.      Potential
    7.72347e+03   -4.59844e+02   -5.46202e+04    2.02538e+02   -4.71541e+04
    Kinetic En.   Total Energy  Conserved En.    Temperature Pres. DC (bar)
    6.74563e+03   -4.04084e+04   -4.64913e+04    2.97675e+02   -2.83062e+02
 Pressure (bar)
    5.42493e+02

           Step           Time
          28000       56.00000

   Energies (kJ/mol)
        LJ (SR)  Disper. corr.   Coulomb (SR)   Coul. recip.      Potential
    7.35807e+03   -4.59844e+02   -5.41657e+04    1.95115e+02   -4.70723e+04
    Kinetic En.   Total Energy  Conserved En.    Temperature Pres. DC (bar)
    6.72876e+03   -4.03436e+04   -4.65050e+04    2.96930e+02   -2.83062e+02
 Pressure (bar)
   -9.96018e+01

           Step           Time
          30000       60.00000

   Energies (kJ/mol)
        LJ (SR)  Disper. corr.   Coulomb (SR)   Coul. recip.      Potential
    7.29149e+03   -4.59844e+02   -5.37704e+04    2.37504e+02   -4.67013e+04
    Kinetic En.   Total Energy  Conserved En.    Temperature Pres. DC (bar)
    6.75691e+03   -3.99444e+04   -4.64912e+04    2.98173e+02   -2.83062e+02
 Pressure (bar)
    1.15434e+02

           Step           Time
          32000       64.00000

   Energies (kJ/mol)
        LJ (SR)  Disper. corr.   Coulomb (SR)   Coul. recip.      Potential
    7.45455e+03   -4.59844e+02   -5.43141e+04    2.13777e+02   -4.71056e+04
    Kinetic En.   Total Energy  Conserved En.    Temperature Pres. DC (bar)
    7.10293e+03   -4.00027e+04   -4.64760e+04    3.13442e+02   -2.83062e+02
 Pressure (bar)
    2.75449e+02

           Step           Time
          34000       68.00000

   Energies (kJ/mol)
        LJ (SR)  Disper. corr.   Coulomb (SR)   Coul. recip.      Potential
    7.63999e+03   -4.59844e+02   -5.45021e+04    2.32502e+02   -4.70895e+04
    Kinetic En.   Total Energy  Conserved En.    Temperature Pres. DC (bar)
    6.56343e+03   -4.05260e+04   -4.64771e+04    2.89634e+02   -2.83062e+02
 Pressure (bar)
    3.65704e+02

           Step           Time
          36000       72.00000

   Energies (kJ/mol)
        LJ (SR)  Disper. corr.   Coulomb (SR)   Coul. recip.      Potential
    7.12506e+03   -4.59844e+02   -5.38158e+04    2.07712e+02   -4.69429e+04
    Kinetic En.   Total Energy  Conserved En.    Temperature Pres. DC (bar)
    6.92433e+03   -4.00185e+04   -4.64750e+04    3.05561e+02   -2.83062e+02
 Pressure (bar)
   -3.32454e+02

           Step           Time
          38000       76.00000

   Energies (kJ/mol)
        LJ (SR)  Disper. corr.   Coulomb (SR)   Coul. recip.      Potential
    7.11379e+03   -4.59844e+02   -5.35357e+04    2.09467e+02   -4.66722e+04
    Kinetic En.   Total Energy  Conserved En.    Temperature Pres. DC (bar)
    6.72469e+03   -3.99476e+04   -4.64555e+04    2.96751e+02   -2.83062e+02
 Pressure (bar)
   -2.17459e+02

           Step           Time
          40000       80.00000

   Energies (kJ/mol)
        LJ (SR)  Disper. corr.   Coulomb (SR)   Coul. recip.      Potential
    7.07438e+03   -4.59844e+02   -5.33488e+04    2.33578e+02   -4.65007e+04
    Kinetic En.   Total Energy  Conserved En.    Temperature Pres. DC (bar)
    6.68148e+03   -3.98192e+04   -4.64574e+04    2.94844e+02   -2.83062e+02
 Pressure (bar)
   -2.65822e+01

           Step           Time
          42000       84.00000

   Energies (kJ/mol)
        LJ (SR)  Disper. corr.   Coulomb (SR)   Coul. recip.      Potential
    7.21948e+03   -4.59844e+02   -5.39054e+04    1.97092e+02   -4.69487e+04
    Kinetic En.   Total Energy  Conserved En.    Temperature Pres. DC (bar)
    6.63481e+03   -4.03139e+04   -4.64522e+04    2.92784e+02   -2.83062e+02
 Pressure (bar)
   -2.31019e+02

           Step           Time
          44000       88.00000

   Energies (kJ/mol)
        LJ (SR)  Disper. corr.   Coulomb (SR)   Coul. recip.      Potential
    7.30246e+03   -4.59844e+02   -5.35483e+04    2.32897e+02   -4.64728e+04
    Kinetic En.   Total Energy  Conserved En.    Temperature Pres. DC (bar)
    6.75679e+03   -3.97160e+04   -4.64435e+04    2.98167e+02   -2.83062e+02
 Pressure (bar)
    4.10745e+02

           Step           Time
          46000       92.00000

   Energies (kJ/mol)
        LJ (SR)  Disper. corr.   Coulomb (SR)   Coul. recip.      Potential
    7.27399e+03   -4.59844e+02   -5.39316e+04    2.40044e+02   -4.68774e+04
    Kinetic En.   Total Energy  Conserved En.    Temperature Pres. DC (bar)
    6.88192e+03   -3.99955e+04   -4.64283e+04    3.03689e+02   -2.83062e+02
 Pressure (bar)
   -5.50805e+01

           Step           Time
          48000       96.00000

   Energies (kJ/mol)
        LJ (SR)  Disper. corr.   Coulomb (SR)   Coul. recip.      Potential
    7.37499e+03   -4.59844e+02   -5.41416e+04    2.00068e+02   -4.70264e+04
    Kinetic En.   Total Energy  Conserved En.    Temperature Pres. DC (bar)
    6.86945e+03   -4.01570e+04   -4.64191e+04    3.03139e+02   -2.83062e+02
 Pressure (bar)
    1.66653e+02

           Step           Time
          50000      100.00000

Writing checkpoint, step 50000 at Thu Jul 18 22:09:09 2019


   Energies (kJ/mol)
        LJ (SR)  Disper. corr.   Coulomb (SR)   Coul. recip.      Potential
    7.64254e+03   -4.59844e+02   -5.42069e+04    2.03665e+02   -4.68206e+04
    Kinetic En.   Total Energy  Conserved En.    Temperature Pres. DC (bar)
    6.62056e+03   -4.02000e+04   -4.64119e+04    2.92156e+02   -2.83062e+02
 Pressure (bar)
    7.72731e+02

	<======  ###############  ==>
	<====  A V E R A G E S  ====>
	<==  ###############  ======>

	Statistics over 50001 steps using 501 frames

   Energies (kJ/mol)
        LJ (SR)  Disper. corr.   Coulomb (SR)   Coul. recip.      Potential
    7.36838e+03   -4.59844e+02   -5.39344e+04    2.20320e+02   -4.68055e+04
    Kinetic En.   Total Energy  Conserved En.    Temperature Pres. DC (bar)
    6.76551e+03   -4.00400e+04   -4.65410e+04    2.98552e+02   -2.83062e+02
 Pressure (bar)
    2.33404e+02

   Total Virial (kJ/mol)
    2.05831e+03    2.14113e+01    2.39644e+01
    2.14001e+01    2.07458e+03    1.04864e+01
    2.39394e+01    1.04744e+01    2.06336e+03

   Pressure (bar)
    2.39074e+02   -2.36586e+01   -2.65373e+01
   -2.36448e+01    2.26072e+02   -1.12039e+01
   -2.65066e+01   -1.11892e+01    2.35064e+02


	M E G A - F L O P S   A C C O U N T I N G

 NB=Group-cutoff nonbonded kernels    NxN=N-by-N cluster Verlet kernels
 RF=Reaction-Field  VdW=Van der Waals  QSTab=quadratic-spline table
 W3=SPC/TIP3p  W4=TIP4p (single or pairs)
 V&F=Potential and force  V=Potential only  F=Force only

 Computing:                               M-Number         M-Flops  % Flops
-----------------------------------------------------------------------------
 Pair Search distance check            1631.756152       14685.805     0.3
 NxN QSTab Elec. + LJ [F]             56889.899328     2332485.872    50.0
 NxN QSTab Elec. + LJ [V&F]             575.891968       33977.626     0.7
 NxN LJ [F]                             575.981392       19007.386     0.4
 NxN LJ [V&F]                             5.937728         255.322     0.0
 NxN QSTab Elec. [F]                  56821.728976     1931938.785    41.4
 NxN QSTab Elec. [V&F]                  575.213744       23583.764     0.5
 Calc Weights                           545.410908       19634.793     0.4
 Spread Q Bspline                     11635.432704       23270.865     0.5
 Gather F Bspline                     11635.432704       69812.596     1.5
 3D-FFT                               21768.435360      174147.483     3.7
 Solve PME                               31.250625        2000.040     0.0
 Shift-X                                  4.548636          27.292     0.0
 Virial                                   1.844181          33.195     0.0
 Stop-CM                                  1.825272          18.253     0.0
 Calc-Ekin                               36.367272         981.916     0.0
 Constraint-V                           136.355454        1090.844     0.0
 Constraint-Vir                           1.366227          32.789     0.0
 Settle                                  45.452727       14681.231     0.3
 Virtual Site 3                          45.906318        1698.534     0.0
-----------------------------------------------------------------------------
 Total                                                 4663364.392   100.0
-----------------------------------------------------------------------------


     R E A L   C Y C L E   A N D   T I M E   A C C O U N T I N G

On 1 MPI rank, each using 8 OpenMP threads

 Computing:          Num   Num      Call    Wall time         Giga-Cycles
                     Ranks Threads  Count      (s)         total sum    %
-----------------------------------------------------------------------------
 Vsite constr.          1    8      50001       0.722         14.395   0.7
 Neighbor search        1    8       1251       2.313         46.140   2.3
 Force                  1    8      50001      61.477       1226.425  62.3
 PME mesh               1    8      50001      25.661        511.928  26.0
 NB X/F buffer ops.     1    8      98751       4.773         95.226   4.8
 Vsite spread           1    8      50502       1.221         24.363   1.2
 Write traj.            1    8          6       0.032          0.636   0.0
 Update                 1    8      50001       1.240         24.741   1.3
 Constraints            1    8      50003       0.798         15.922   0.8
 Rest                                           0.445          8.879   0.5
-----------------------------------------------------------------------------
 Total                                         98.682       1968.655 100.0
-----------------------------------------------------------------------------
 Breakdown of PME mesh computation
-----------------------------------------------------------------------------
 PME spread             1    8      50001      11.508        229.579  11.7
 PME gather             1    8      50001       6.653        132.715   6.7
 PME 3D-FFT             1    8     100002       6.793        135.514   6.9
 PME solve Elec         1    8      50001       0.485          9.675   0.5
-----------------------------------------------------------------------------

               Core t (s)   Wall t (s)        (%)
       Time:      789.450       98.682      800.0
                 (ns/day)    (hour/ns)
Performance:       87.555        0.274
Finished mdrun on rank 0 Thu Jul 18 22:09:09 2019

