                      :-) GROMACS - gmx mdrun, 2019.3 (-:

                            GROMACS is written by:
     Emile Apol      Rossen Apostolov      Paul Bauer     Herman J.C. Berendsen
    Par Bjelkmar      Christian Blau   Viacheslav Bolnykh     Kevin Boyd    
 Aldert van Buuren   Rudi van Drunen     Anton Feenstra       Alan Gray     
  Gerrit Groenhof     Anca Hamuraru    Vincent Hindriksen  M. Eric Irrgang  
  Aleksei Iupinov   Christoph Junghans     Joe Jordan     Dimitrios Karkoulis
    Peter Kasson        Jiri Kraus      Carsten Kutzner      Per Larsson    
  Justin A. Lemkul    Viveca Lindahl    Magnus Lundborg     Erik Marklund   
    Pascal Merz     Pieter Meulenhoff    Teemu Murtola       Szilard Pall   
    Sander Pronk      Roland Schulz      Michael Shirts    Alexey Shvetsov  
   Alfons Sijbers     Peter Tieleman      Jon Vincent      Teemu Virolainen 
 Christian Wennberg    Maarten Wolf   
                           and the project leaders:
        Mark Abraham, Berk Hess, Erik Lindahl, and David van der Spoel

Copyright (c) 1991-2000, University of Groningen, The Netherlands.
Copyright (c) 2001-2018, The GROMACS development team at
Uppsala University, Stockholm University and
the Royal Institute of Technology, Sweden.
check out http://www.gromacs.org for more information.

GROMACS is free software; you can redistribute it and/or modify it
under the terms of the GNU Lesser General Public License
as published by the Free Software Foundation; either version 2.1
of the License, or (at your option) any later version.

GROMACS:      gmx mdrun, version 2019.3
Executable:   /home/dgomes/software/gmx2019.3/bin/gmx
Data prefix:  /home/dgomes/software/gmx2019.3
Working dir:  /home/dgomes/water_md/tip5p
Process ID:   27838
Command line:
  gmx mdrun -deffnm eql

GROMACS version:    2019.3
Precision:          single
Memory model:       64 bit
MPI library:        thread_mpi
OpenMP support:     enabled (GMX_OPENMP_MAX_THREADS = 64)
GPU support:        disabled
SIMD instructions:  SSE4.1
FFT library:        fftw-3.3.8-sse2
RDTSCP usage:       disabled
TNG support:        enabled
Hwloc support:      disabled
Tracing support:    disabled
C compiler:         /usr/bin/cc GNU 4.8.5
C compiler flags:    -msse4.1     -O3 -DNDEBUG -funroll-all-loops -fexcess-precision=fast  
C++ compiler:       /usr/bin/c++ GNU 4.8.5
C++ compiler flags:  -msse4.1    -std=c++11   -O3 -DNDEBUG -funroll-all-loops -fexcess-precision=fast  


Running on 1 node with total 8 cores, 8 logical cores
Hardware detected:
  CPU info:
    Vendor: Intel
    Brand:  Intel(R) Xeon(R) CPU           E5620  @ 2.40GHz
    Family: 6   Model: 44   Stepping: 2
    Features: apic clfsh cmov cx8 cx16 htt intel lahf mmx msr nonstop_tsc pcid pdcm pdpe1gb popcnt pse rdtscp sse2 sse3 sse4.1 sse4.2 ssse3
  Hardware topology: Only logical processor count

The current CPU can measure timings more accurately than the code in
gmx mdrun was configured to use. This might affect your simulation
speed as accurate timings are needed for load-balancing.
Please consider rebuilding gmx mdrun with the GMX_USE_RDTSCP=ON CMake option.

++++ PLEASE READ AND CITE THE FOLLOWING REFERENCE ++++
M. J. Abraham, T. Murtola, R. Schulz, S. Páll, J. C. Smith, B. Hess, E.
Lindahl
GROMACS: High performance molecular simulations through multi-level
parallelism from laptops to supercomputers
SoftwareX 1 (2015) pp. 19-25
-------- -------- --- Thank You --- -------- --------


++++ PLEASE READ AND CITE THE FOLLOWING REFERENCE ++++
S. Páll, M. J. Abraham, C. Kutzner, B. Hess, E. Lindahl
Tackling Exascale Software Challenges in Molecular Dynamics Simulations with
GROMACS
In S. Markidis & E. Laure (Eds.), Solving Software Challenges for Exascale 8759 (2015) pp. 3-27
-------- -------- --- Thank You --- -------- --------


++++ PLEASE READ AND CITE THE FOLLOWING REFERENCE ++++
S. Pronk, S. Páll, R. Schulz, P. Larsson, P. Bjelkmar, R. Apostolov, M. R.
Shirts, J. C. Smith, P. M. Kasson, D. van der Spoel, B. Hess, and E. Lindahl
GROMACS 4.5: a high-throughput and highly parallel open source molecular
simulation toolkit
Bioinformatics 29 (2013) pp. 845-54
-------- -------- --- Thank You --- -------- --------


++++ PLEASE READ AND CITE THE FOLLOWING REFERENCE ++++
B. Hess and C. Kutzner and D. van der Spoel and E. Lindahl
GROMACS 4: Algorithms for highly efficient, load-balanced, and scalable
molecular simulation
J. Chem. Theory Comput. 4 (2008) pp. 435-447
-------- -------- --- Thank You --- -------- --------


++++ PLEASE READ AND CITE THE FOLLOWING REFERENCE ++++
D. van der Spoel, E. Lindahl, B. Hess, G. Groenhof, A. E. Mark and H. J. C.
Berendsen
GROMACS: Fast, Flexible and Free
J. Comp. Chem. 26 (2005) pp. 1701-1719
-------- -------- --- Thank You --- -------- --------


++++ PLEASE READ AND CITE THE FOLLOWING REFERENCE ++++
E. Lindahl and B. Hess and D. van der Spoel
GROMACS 3.0: A package for molecular simulation and trajectory analysis
J. Mol. Mod. 7 (2001) pp. 306-317
-------- -------- --- Thank You --- -------- --------


++++ PLEASE READ AND CITE THE FOLLOWING REFERENCE ++++
H. J. C. Berendsen, D. van der Spoel and R. van Drunen
GROMACS: A message-passing parallel molecular dynamics implementation
Comp. Phys. Comm. 91 (1995) pp. 43-56
-------- -------- --- Thank You --- -------- --------


++++ PLEASE CITE THE DOI FOR THIS VERSION OF GROMACS ++++
https://doi.org/10.5281/zenodo.3243833
-------- -------- --- Thank You --- -------- --------

Input Parameters:
   integrator                     = md
   tinit                          = 0
   dt                             = 0.002
   nsteps                         = 50000
   init-step                      = 0
   simulation-part                = 1
   comm-mode                      = Linear
   nstcomm                        = 100
   bd-fric                        = 0
   ld-seed                        = 1900013551
   emtol                          = 10
   emstep                         = 0.01
   niter                          = 20
   fcstep                         = 0
   nstcgsteep                     = 1000
   nbfgscorr                      = 10
   rtpi                           = 0.05
   nstxout                        = 0
   nstvout                        = 0
   nstfout                        = 0
   nstlog                         = 2000
   nstcalcenergy                  = 100
   nstenergy                      = 200
   nstxout-compressed             = 10000
   compressed-x-precision         = 1000
   cutoff-scheme                  = Verlet
   nstlist                        = 10
   ns-type                        = Grid
   pbc                            = xyz
   periodic-molecules             = false
   verlet-buffer-tolerance        = 0.005
   rlist                          = 1
   coulombtype                    = PME
   coulomb-modifier               = Potential-shift
   rcoulomb-switch                = 0
   rcoulomb                       = 1
   epsilon-r                      = 1
   epsilon-rf                     = inf
   vdw-type                       = Cut-off
   vdw-modifier                   = Potential-shift
   rvdw-switch                    = 0
   rvdw                           = 1
   DispCorr                       = EnerPres
   table-extension                = 1
   fourierspacing                 = 0.12
   fourier-nx                     = 25
   fourier-ny                     = 25
   fourier-nz                     = 25
   pme-order                      = 4
   ewald-rtol                     = 1e-05
   ewald-rtol-lj                  = 0.001
   lj-pme-comb-rule               = Geometric
   ewald-geometry                 = 0
   epsilon-surface                = 0
   tcoupl                         = Nose-Hoover
   nsttcouple                     = 10
   nh-chain-length                = 1
   print-nose-hoover-chain-variables = false
   pcoupl                         = No
   pcoupltype                     = Isotropic
   nstpcouple                     = -1
   tau-p                          = 1
   compressibility (3x3):
      compressibility[    0]={ 0.00000e+00,  0.00000e+00,  0.00000e+00}
      compressibility[    1]={ 0.00000e+00,  0.00000e+00,  0.00000e+00}
      compressibility[    2]={ 0.00000e+00,  0.00000e+00,  0.00000e+00}
   ref-p (3x3):
      ref-p[    0]={ 0.00000e+00,  0.00000e+00,  0.00000e+00}
      ref-p[    1]={ 0.00000e+00,  0.00000e+00,  0.00000e+00}
      ref-p[    2]={ 0.00000e+00,  0.00000e+00,  0.00000e+00}
   refcoord-scaling               = No
   posres-com (3):
      posres-com[0]= 0.00000e+00
      posres-com[1]= 0.00000e+00
      posres-com[2]= 0.00000e+00
   posres-comB (3):
      posres-comB[0]= 0.00000e+00
      posres-comB[1]= 0.00000e+00
      posres-comB[2]= 0.00000e+00
   QMMM                           = false
   QMconstraints                  = 0
   QMMMscheme                     = 0
   MMChargeScaleFactor            = 1
qm-opts:
   ngQM                           = 0
   constraint-algorithm           = Lincs
   continuation                   = false
   Shake-SOR                      = false
   shake-tol                      = 0.0001
   lincs-order                    = 4
   lincs-iter                     = 1
   lincs-warnangle                = 30
   nwall                          = 0
   wall-type                      = 9-3
   wall-r-linpot                  = -1
   wall-atomtype[0]               = -1
   wall-atomtype[1]               = -1
   wall-density[0]                = 0
   wall-density[1]                = 0
   wall-ewald-zfac                = 3
   pull                           = false
   awh                            = false
   rotation                       = false
   interactiveMD                  = false
   disre                          = No
   disre-weighting                = Conservative
   disre-mixed                    = false
   dr-fc                          = 1000
   dr-tau                         = 0
   nstdisreout                    = 100
   orire-fc                       = 0
   orire-tau                      = 0
   nstorireout                    = 100
   free-energy                    = no
   cos-acceleration               = 0
   deform (3x3):
      deform[    0]={ 0.00000e+00,  0.00000e+00,  0.00000e+00}
      deform[    1]={ 0.00000e+00,  0.00000e+00,  0.00000e+00}
      deform[    2]={ 0.00000e+00,  0.00000e+00,  0.00000e+00}
   simulated-tempering            = false
   swapcoords                     = no
   userint1                       = 0
   userint2                       = 0
   userint3                       = 0
   userint4                       = 0
   userreal1                      = 0
   userreal2                      = 0
   userreal3                      = 0
   userreal4                      = 0
   applied-forces:
     electric-field:
       x:
         E0                       = 0
         omega                    = 0
         t0                       = 0
         sigma                    = 0
       y:
         E0                       = 0
         omega                    = 0
         t0                       = 0
         sigma                    = 0
       z:
         E0                       = 0
         omega                    = 0
         t0                       = 0
         sigma                    = 0
grpopts:
   nrdf:        5235
   ref-t:      298.15
   tau-t:           2
annealing:          No
annealing-npoints:           0
   acc:	           0           0           0
   nfreeze:           N           N           N
   energygrp-flags[  0]: 0

Changing nstlist from 10 to 25, rlist from 1 to 1.043


Using 1 MPI thread
Using 8 OpenMP threads 

Pinning threads with an auto-selected logical core stride of 1
System total charge: 0.000
Will do PME sum in reciprocal space for electrostatic interactions.

++++ PLEASE READ AND CITE THE FOLLOWING REFERENCE ++++
U. Essmann, L. Perera, M. L. Berkowitz, T. Darden, H. Lee and L. G. Pedersen 
A smooth particle mesh Ewald method
J. Chem. Phys. 103 (1995) pp. 8577-8592
-------- -------- --- Thank You --- -------- --------

Using a Gaussian width (1/beta) of 0.320163 nm for Ewald
Potential shift: LJ r^-12: -1.000e+00 r^-6: -1.000e+00, Ewald -1.000e-05
Initialized non-bonded Ewald correction tables, spacing: 9.33e-04 size: 1073

Long Range LJ corr.: <C6> 9.8801e-05
Generated table with 1021 data points for Ewald.
Tabscale = 500 points/nm
Generated table with 1021 data points for LJ6.
Tabscale = 500 points/nm
Generated table with 1021 data points for LJ12.
Tabscale = 500 points/nm

Using SIMD 4x4 nonbonded short-range kernels

Using a dual 4x4 pair-list setup updated with dynamic pruning:
  outer list: updated every 25 steps, buffer 0.043 nm, rlist 1.043 nm
  inner list: updated every 16 steps, buffer 0.002 nm, rlist 1.002 nm
At tolerance 0.005 kJ/mol/ps per atom, equivalent classical 1x1 list would be:
  outer list: updated every 25 steps, buffer 0.153 nm, rlist 1.153 nm
  inner list: updated every 16 steps, buffer 0.078 nm, rlist 1.078 nm

Using geometric Lennard-Jones combination rule

Removing pbc first time

++++ PLEASE READ AND CITE THE FOLLOWING REFERENCE ++++
S. Miyamoto and P. A. Kollman
SETTLE: An Analytical Version of the SHAKE and RATTLE Algorithms for Rigid
Water Models
J. Comp. Chem. 13 (1992) pp. 952-962
-------- -------- --- Thank You --- -------- --------

Center of mass motion removal mode is Linear
We have the following groups for center of mass motion removal:
  0:  rest
There are: 2619 Atoms
There are: 1746 VSites

Constraining the starting coordinates (step 0)

Constraining the coordinates at t0-dt (step 0)
RMS relative constraint deviation after constraining: 0.00e+00
Initial temperature: 297.157 K

Started mdrun on rank 0 Thu Jul 18 00:08:05 2019

           Step           Time
              0        0.00000

   Energies (kJ/mol)
        LJ (SR)  Disper. corr.   Coulomb (SR)   Coul. recip.      Potential
    1.09483e+04   -2.91831e+02   -5.52520e+04    1.41396e+02   -4.44542e+04
    Kinetic En.   Total Energy  Conserved En.    Temperature Pres. DC (bar)
    6.46700e+03   -3.79872e+04   -3.79872e+04    2.97154e+02   -1.79613e+02
 Pressure (bar)
   -1.78361e+03

           Step           Time
           2000        4.00000

   Energies (kJ/mol)
        LJ (SR)  Disper. corr.   Coulomb (SR)   Coul. recip.      Potential
    4.36845e+03   -2.91831e+02   -3.62304e+04    2.55295e+02   -3.18985e+04
    Kinetic En.   Total Energy  Conserved En.    Temperature Pres. DC (bar)
    7.05059e+03   -2.48479e+04   -3.71854e+04    3.23970e+02   -1.79613e+02
 Pressure (bar)
   -1.05089e+03

           Step           Time
           4000        8.00000

   Energies (kJ/mol)
        LJ (SR)  Disper. corr.   Coulomb (SR)   Coul. recip.      Potential
    7.06223e+03   -2.91831e+02   -4.24427e+04    2.12975e+02   -3.54593e+04
    Kinetic En.   Total Energy  Conserved En.    Temperature Pres. DC (bar)
    6.32912e+03   -2.91302e+04   -3.69485e+04    2.90819e+02   -1.79613e+02
 Pressure (bar)
    4.63002e+02

           Step           Time
           6000       12.00000

   Energies (kJ/mol)
        LJ (SR)  Disper. corr.   Coulomb (SR)   Coul. recip.      Potential
    6.54706e+03   -2.91831e+02   -4.19852e+04    1.72147e+02   -3.55578e+04
    Kinetic En.   Total Energy  Conserved En.    Temperature Pres. DC (bar)
    6.65970e+03   -2.88981e+04   -3.69871e+04    3.06009e+02   -1.79613e+02
 Pressure (bar)
   -6.03943e+02

           Step           Time
           8000       16.00000

   Energies (kJ/mol)
        LJ (SR)  Disper. corr.   Coulomb (SR)   Coul. recip.      Potential
    6.63071e+03   -2.91831e+02   -4.16566e+04    2.11802e+02   -3.51059e+04
    Kinetic En.   Total Energy  Conserved En.    Temperature Pres. DC (bar)
    6.33467e+03   -2.87712e+04   -3.69678e+04    2.91074e+02   -1.79613e+02
 Pressure (bar)
   -1.58100e+02

           Step           Time
          10000       20.00000

   Energies (kJ/mol)
        LJ (SR)  Disper. corr.   Coulomb (SR)   Coul. recip.      Potential
    7.07368e+03   -2.91831e+02   -4.24407e+04    1.86685e+02   -3.54722e+04
    Kinetic En.   Total Energy  Conserved En.    Temperature Pres. DC (bar)
    6.49045e+03   -2.89817e+04   -3.69674e+04    2.98232e+02   -1.79613e+02
 Pressure (bar)
    3.63191e+02

           Step           Time
          12000       24.00000

   Energies (kJ/mol)
        LJ (SR)  Disper. corr.   Coulomb (SR)   Coul. recip.      Potential
    6.69884e+03   -2.91831e+02   -4.22217e+04    1.90044e+02   -3.56246e+04
    Kinetic En.   Total Energy  Conserved En.    Temperature Pres. DC (bar)
    6.56302e+03   -2.90616e+04   -3.69839e+04    3.01566e+02   -1.79613e+02
 Pressure (bar)
   -3.90330e+02

           Step           Time
          14000       28.00000

   Energies (kJ/mol)
        LJ (SR)  Disper. corr.   Coulomb (SR)   Coul. recip.      Potential
    6.20176e+03   -2.91831e+02   -4.12009e+04    2.07823e+02   -3.50831e+04
    Kinetic En.   Total Energy  Conserved En.    Temperature Pres. DC (bar)
    6.59250e+03   -2.84906e+04   -3.69809e+04    3.02921e+02   -1.79613e+02
 Pressure (bar)
   -7.47836e+02

           Step           Time
          16000       32.00000

   Energies (kJ/mol)
        LJ (SR)  Disper. corr.   Coulomb (SR)   Coul. recip.      Potential
    6.59150e+03   -2.91831e+02   -4.18300e+04    1.91698e+02   -3.53386e+04
    Kinetic En.   Total Energy  Conserved En.    Temperature Pres. DC (bar)
    6.60438e+03   -2.87343e+04   -3.69905e+04    3.03467e+02   -1.79613e+02
 Pressure (bar)
   -2.10298e+02

           Step           Time
          18000       36.00000

   Energies (kJ/mol)
        LJ (SR)  Disper. corr.   Coulomb (SR)   Coul. recip.      Potential
    6.57651e+03   -2.91831e+02   -4.18674e+04    1.83165e+02   -3.53995e+04
    Kinetic En.   Total Energy  Conserved En.    Temperature Pres. DC (bar)
    6.41715e+03   -2.89824e+04   -3.69808e+04    2.94864e+02   -1.79613e+02
 Pressure (bar)
   -2.68003e+02

           Step           Time
          20000       40.00000

   Energies (kJ/mol)
        LJ (SR)  Disper. corr.   Coulomb (SR)   Coul. recip.      Potential
    6.71109e+03   -2.91831e+02   -4.21875e+04    2.12439e+02   -3.55558e+04
    Kinetic En.   Total Energy  Conserved En.    Temperature Pres. DC (bar)
    6.42649e+03   -2.91293e+04   -3.69841e+04    2.95293e+02   -1.79613e+02
 Pressure (bar)
   -3.49742e+02

           Step           Time
          22000       44.00000

   Energies (kJ/mol)
        LJ (SR)  Disper. corr.   Coulomb (SR)   Coul. recip.      Potential
    6.55548e+03   -2.91831e+02   -4.16863e+04    2.11361e+02   -3.52113e+04
    Kinetic En.   Total Energy  Conserved En.    Temperature Pres. DC (bar)
    6.57150e+03   -2.86398e+04   -3.69802e+04    3.01956e+02   -1.79613e+02
 Pressure (bar)
   -3.87064e+01

           Step           Time
          24000       48.00000

   Energies (kJ/mol)
        LJ (SR)  Disper. corr.   Coulomb (SR)   Coul. recip.      Potential
    6.50742e+03   -2.91831e+02   -4.17338e+04    1.76795e+02   -3.53414e+04
    Kinetic En.   Total Energy  Conserved En.    Temperature Pres. DC (bar)
    6.58895e+03   -2.87525e+04   -3.69952e+04    3.02758e+02   -1.79613e+02
 Pressure (bar)
   -2.71923e+02

           Step           Time
          26000       52.00000

   Energies (kJ/mol)
        LJ (SR)  Disper. corr.   Coulomb (SR)   Coul. recip.      Potential
    6.37284e+03   -2.91831e+02   -4.20485e+04    1.78306e+02   -3.57891e+04
    Kinetic En.   Total Energy  Conserved En.    Temperature Pres. DC (bar)
    6.74334e+03   -2.90458e+04   -3.69902e+04    3.09852e+02   -1.79613e+02
 Pressure (bar)
   -1.09176e+03

           Step           Time
          28000       56.00000

   Energies (kJ/mol)
        LJ (SR)  Disper. corr.   Coulomb (SR)   Coul. recip.      Potential
    6.84823e+03   -2.91831e+02   -4.26142e+04    1.78339e+02   -3.58795e+04
    Kinetic En.   Total Energy  Conserved En.    Temperature Pres. DC (bar)
    6.57299e+03   -2.93065e+04   -3.69863e+04    3.02024e+02   -1.79613e+02
 Pressure (bar)
   -4.05084e+02

           Step           Time
          30000       60.00000

   Energies (kJ/mol)
        LJ (SR)  Disper. corr.   Coulomb (SR)   Coul. recip.      Potential
    6.38459e+03   -2.91831e+02   -4.18229e+04    1.92218e+02   -3.55380e+04
    Kinetic En.   Total Energy  Conserved En.    Temperature Pres. DC (bar)
    6.45387e+03   -2.90841e+04   -3.70047e+04    2.96551e+02   -1.79613e+02
 Pressure (bar)
   -8.72726e+02

           Step           Time
          32000       64.00000

   Energies (kJ/mol)
        LJ (SR)  Disper. corr.   Coulomb (SR)   Coul. recip.      Potential
    6.66428e+03   -2.91831e+02   -4.20734e+04    1.81523e+02   -3.55194e+04
    Kinetic En.   Total Energy  Conserved En.    Temperature Pres. DC (bar)
    6.59001e+03   -2.89294e+04   -3.69935e+04    3.02806e+02   -1.79613e+02
 Pressure (bar)
   -2.86021e+02

           Step           Time
          34000       68.00000

   Energies (kJ/mol)
        LJ (SR)  Disper. corr.   Coulomb (SR)   Coul. recip.      Potential
    6.99954e+03   -2.91831e+02   -4.24573e+04    1.82436e+02   -3.55671e+04
    Kinetic En.   Total Energy  Conserved En.    Temperature Pres. DC (bar)
    6.53477e+03   -2.90324e+04   -3.70048e+04    3.00268e+02   -1.79613e+02
 Pressure (bar)
    1.89609e+02

           Step           Time
          36000       72.00000

   Energies (kJ/mol)
        LJ (SR)  Disper. corr.   Coulomb (SR)   Coul. recip.      Potential
    6.35477e+03   -2.91831e+02   -4.11732e+04    1.99625e+02   -3.49106e+04
    Kinetic En.   Total Energy  Conserved En.    Temperature Pres. DC (bar)
    6.53378e+03   -2.83769e+04   -3.70168e+04    3.00223e+02   -1.79613e+02
 Pressure (bar)
   -3.62334e+02

           Step           Time
          38000       76.00000

   Energies (kJ/mol)
        LJ (SR)  Disper. corr.   Coulomb (SR)   Coul. recip.      Potential
    6.90293e+03   -2.91831e+02   -4.24585e+04    1.94242e+02   -3.56531e+04
    Kinetic En.   Total Energy  Conserved En.    Temperature Pres. DC (bar)
    6.68852e+03   -2.89646e+04   -3.70030e+04    3.07333e+02   -1.79613e+02
 Pressure (bar)
   -6.44423e+00

           Step           Time
          40000       80.00000

   Energies (kJ/mol)
        LJ (SR)  Disper. corr.   Coulomb (SR)   Coul. recip.      Potential
    6.53650e+03   -2.91831e+02   -4.18686e+04    1.83427e+02   -3.54406e+04
    Kinetic En.   Total Energy  Conserved En.    Temperature Pres. DC (bar)
    6.43456e+03   -2.90060e+04   -3.70124e+04    2.95664e+02   -1.79613e+02
 Pressure (bar)
   -4.74687e+02

           Step           Time
          42000       84.00000

   Energies (kJ/mol)
        LJ (SR)  Disper. corr.   Coulomb (SR)   Coul. recip.      Potential
    6.43150e+03   -2.91831e+02   -4.15673e+04    1.82087e+02   -3.52456e+04
    Kinetic En.   Total Energy  Conserved En.    Temperature Pres. DC (bar)
    6.61523e+03   -2.86303e+04   -3.70180e+04    3.03965e+02   -1.79613e+02
 Pressure (bar)
   -4.29057e+02

           Step           Time
          44000       88.00000

   Energies (kJ/mol)
        LJ (SR)  Disper. corr.   Coulomb (SR)   Coul. recip.      Potential
    6.97238e+03   -2.91831e+02   -4.24452e+04    2.00079e+02   -3.55645e+04
    Kinetic En.   Total Energy  Conserved En.    Temperature Pres. DC (bar)
    6.36806e+03   -2.91965e+04   -3.70050e+04    2.92608e+02   -1.79613e+02
 Pressure (bar)
    1.19052e+02

           Step           Time
          46000       92.00000

   Energies (kJ/mol)
        LJ (SR)  Disper. corr.   Coulomb (SR)   Coul. recip.      Potential
    6.33448e+03   -2.91831e+02   -4.14413e+04    1.81788e+02   -3.52169e+04
    Kinetic En.   Total Energy  Conserved En.    Temperature Pres. DC (bar)
    6.56433e+03   -2.86525e+04   -3.70146e+04    3.01627e+02   -1.79613e+02
 Pressure (bar)
   -6.62858e+02

           Step           Time
          48000       96.00000

   Energies (kJ/mol)
        LJ (SR)  Disper. corr.   Coulomb (SR)   Coul. recip.      Potential
    6.40171e+03   -2.91831e+02   -4.15907e+04    1.75225e+02   -3.53056e+04
    Kinetic En.   Total Energy  Conserved En.    Temperature Pres. DC (bar)
    6.42955e+03   -2.88760e+04   -3.70235e+04    2.95434e+02   -1.79613e+02
 Pressure (bar)
   -5.57016e+02

           Step           Time
          50000      100.00000

Writing checkpoint, step 50000 at Thu Jul 18 00:09:51 2019


   Energies (kJ/mol)
        LJ (SR)  Disper. corr.   Coulomb (SR)   Coul. recip.      Potential
    6.46087e+03   -2.91831e+02   -4.12715e+04    2.16269e+02   -3.48862e+04
    Kinetic En.   Total Energy  Conserved En.    Temperature Pres. DC (bar)
    6.68962e+03   -2.81966e+04   -3.70197e+04    3.07384e+02   -1.79613e+02
 Pressure (bar)
    3.33810e+01

	<======  ###############  ==>
	<====  A V E R A G E S  ====>
	<==  ###############  ======>

	Statistics over 50001 steps using 501 frames

   Energies (kJ/mol)
        LJ (SR)  Disper. corr.   Coulomb (SR)   Coul. recip.      Potential
    6.56893e+03   -2.91831e+02   -4.17898e+04    1.90993e+02   -3.53218e+04
    Kinetic En.   Total Energy  Conserved En.    Temperature Pres. DC (bar)
    6.49707e+03   -2.88247e+04   -3.70119e+04    2.98536e+02   -1.79613e+02
 Pressure (bar)
   -3.00197e+02

   Total Virial (kJ/mol)
    2.44278e+03    2.71521e+00    8.43236e-01
    2.60926e+00    2.37908e+03   -2.24439e+01
    8.57413e-01   -2.23478e+01    2.40738e+03

   Pressure (bar)
   -3.38968e+02   -2.95514e+00   -2.74925e+00
   -2.82483e+00   -2.67538e+02    2.81634e+01
   -2.76669e+00    2.80451e+01   -2.94084e+02


	M E G A - F L O P S   A C C O U N T I N G

 NB=Group-cutoff nonbonded kernels    NxN=N-by-N cluster Verlet kernels
 RF=Reaction-Field  VdW=Van der Waals  QSTab=quadratic-spline table
 W3=SPC/TIP3p  W4=TIP4p (single or pairs)
 V&F=Potential and force  V=Potential only  F=Force only

 Computing:                               M-Number         M-Flops  % Flops
-----------------------------------------------------------------------------
 Pair Search distance check            3204.599268       28841.393     0.5
 NxN QSTab Elec. + LJ [F]             69198.175264     2837125.186    50.3
 NxN QSTab Elec. + LJ [V&F]             700.235856       41313.916     0.7
 NxN LJ [F]                             448.097184       14787.207     0.3
 NxN LJ [V&F]                             4.590112         197.375     0.0
 NxN QSTab Elec. [F]                  69192.790512     2352554.877    41.7
 NxN QSTab Elec. [V&F]                  700.183808       28707.536     0.5
 Calc Weights                           654.763095       23571.471     0.4
 Spread Q Bspline                     13968.279360       27936.559     0.5
 Gather F Bspline                     13968.279360       83809.676     1.5
 3D-FFT                               21768.435360      174147.483     3.1
 Solve PME                               31.250625        2000.040     0.0
 Shift-X                                  8.734365          52.406     0.0
 Virial                                   2.209410          39.769     0.0
 Stop-CM                                  2.191230          21.912     0.0
 Calc-Ekin                               87.308730        2357.336     0.0
 Constraint-V                           130.955238        1047.642     0.0
 Constraint-Vir                           1.312119          31.491     0.0
 Settle                                  43.652619       14099.796     0.2
 Virtual Site 3out                       88.176492        7671.355     0.1
-----------------------------------------------------------------------------
 Total                                                 5640314.426   100.0
-----------------------------------------------------------------------------


     R E A L   C Y C L E   A N D   T I M E   A C C O U N T I N G

On 1 MPI rank, each using 8 OpenMP threads

 Computing:          Num   Num      Call    Wall time         Giga-Cycles
                     Ranks Threads  Count      (s)         total sum    %
-----------------------------------------------------------------------------
 Vsite constr.          1    8      50001       0.904         17.351   0.9
 Neighbor search        1    8       2001       4.142         79.532   3.9
 Force                  1    8      50001      83.489       1603.081  79.0
 PME mesh               1    8      50001      11.867        227.865  11.2
 NB X/F buffer ops.     1    8      98001       2.121         40.722   2.0
 Vsite spread           1    8      50502       1.306         25.069   1.2
 Write traj.            1    8          6       0.030          0.579   0.0
 Update                 1    8      50001       0.624         11.976   0.6
 Constraints            1    8      50003       0.571         10.965   0.5
 Rest                                           0.629         12.076   0.6
-----------------------------------------------------------------------------
 Total                                        105.682       2029.215 100.0
-----------------------------------------------------------------------------
 Breakdown of PME mesh computation
-----------------------------------------------------------------------------
 PME spread             1    8      50001       4.450         85.453   4.2
 PME gather             1    8      50001       3.503         67.259   3.3
 PME 3D-FFT             1    8     100002       3.299         63.336   3.1
 PME solve Elec         1    8      50001       0.462          8.875   0.4
-----------------------------------------------------------------------------

               Core t (s)   Wall t (s)        (%)
       Time:      845.450      105.682      800.0
                 (ns/day)    (hour/ns)
Performance:       81.756        0.294
Finished mdrun on rank 0 Thu Jul 18 00:09:51 2019

