            --------------------------------------------------------
                             AMBER SQM VERSION 19
 
                                     By
              Ross C. Walker, Michael F. Crowley, Scott Brozell,
                         Tim Giese, Andreas W. Goetz,
                        Tai-Sung Lee and David A. Case
 
            --------------------------------------------------------
 

--------------------------------------------------------------------------------
  QM CALCULATION INFO
--------------------------------------------------------------------------------

| QMMM: Citation for AMBER QMMM Run:
| QMMM: R.C. Walker, M.F. Crowley and D.A. Case, J. COMP. CHEM. 29:1019, 2008

QMMM: SINGLET STATE CALCULATION
QMMM: RHF CALCULATION, NO. OF DOUBLY OCCUPIED LEVELS = 25

| QMMM: *** Selected Hamiltonian *** 
| QMMM: AM1         

| QMMM: *** Parameter sets in use ***
| QMMM: N : M.J.S.DEWAR et al. JACS, 107, 3902, (1985)
| QMMM: C : M.J.S.DEWAR et al. JACS, 107, 3902, (1985)
| QMMM: H : M.J.S.DEWAR et al. JACS, 107, 3902, (1985)

| QMMM: *** SCF convergence criteria ***
| QMMM: Energy change                :  0.1D-09 kcal/mol
| QMMM: Error matrix |FP-PF|         :  0.1D+00 au
| QMMM: Density matrix change        :  0.5D-06
| QMMM: Maximum number of SCF cycles :     1000

| QMMM: *** Diagonalization Routine Information ***
| QMMM: Pseudo diagonalizations are allowed.
| QMMM: Auto diagonalization routine selection is in use.
| QMMM:
| QMMM: Timing diagonalization routines:
| QMMM:                              norbs =       48
| QMMM:    diag iterations used for timing =       20
| QMMM:
| QMMM:              Internal diag routine = 0.007271 seconds
| QMMM:                 Dspev diag routine = 0.009673 seconds
| QMMM:                Dspevd diag routine = 0.008667 seconds
| QMMM:                Dspevx diag routine = 0.031550 seconds
| QMMM:                 Dsyev diag routine = 0.010741 seconds
| QMMM:                Dsyevd diag routine = 0.010150 seconds
| QMMM:                Dsyevr diag routine = 0.008925 seconds
| QMMM:
| QMMM:                Pseudo diag routine = 0.002178 seconds
| QMMM:
| QMMM: Using internal diagonalization routine (diag_routine=1).

  QMMM: QM Region Cartesian Coordinates (*=link atom) 
  QMMM: QM_NO.   MM_NO.  ATOM         X         Y         Z
  QMMM:     1        1      N        0.4040   -0.4930    4.3510
  QMMM:     2        2      C        1.4660   -1.2860    4.1950
  QMMM:     3        3      N        2.0890   -0.9560    3.0510
  QMMM:     4        4      N        1.4230    0.0180    2.5080
  QMMM:     5        5      C        0.3710    0.3220    3.2930
  QMMM:     6        6      C        1.7520    0.6270    1.2560
  QMMM:     7        7      C        1.0360   -0.1060    0.0940
  QMMM:     8        8      C        1.3390    0.5210   -1.2900
  QMMM:     9        9      C        0.6240   -0.2110   -2.4480
  QMMM:    10       10      H       -0.2270   -0.5080    5.0890
  QMMM:    11       11      H        1.7560   -2.0260    4.8350
  QMMM:    12       12      H       -0.3350    1.0420    3.1180
  QMMM:    13       13      H        2.8350    0.5860    1.1040
  QMMM:    14       14      H        1.4610    1.6820    1.2650
  QMMM:    15       15      H        1.3540   -1.1530    0.0910
  QMMM:    16       16      H       -0.0420   -0.0770    0.2710
  QMMM:    17       17      H        2.4160    0.4930   -1.4740
  QMMM:    18       18      H        1.0180    1.5670   -1.2900
  QMMM:    19       19      H        0.8700    0.2700   -3.3980
  QMMM:    20       20      H       -0.4590   -0.1750   -2.3110
  QMMM:    21       21      H        0.9430   -1.2540   -2.4940

--------------------------------------------------------------------------------
  RESULTS
--------------------------------------------------------------------------------

      iter         sqm energy              rms gradient
      ----    -------------------    -----------------------
xmin    10      212.3981 kcal/mol        0.1148 kcal/(mol*A)
xmin    20      212.3691 kcal/mol        0.2111 kcal/(mol*A)
xmin    30      212.3440 kcal/mol        0.2616 kcal/(mol*A)
xmin    40      212.3276 kcal/mol        0.0825 kcal/(mol*A)
xmin    50      212.3146 kcal/mol        0.2442 kcal/(mol*A)
xmin    60      212.3051 kcal/mol        0.0768 kcal/(mol*A)
xmin    70      212.2961 kcal/mol        0.1861 kcal/(mol*A)
xmin    80      212.2889 kcal/mol        0.0236 kcal/(mol*A)
xmin    90      212.2843 kcal/mol        0.1210 kcal/(mol*A)
xmin   100      212.2814 kcal/mol        0.0146 kcal/(mol*A)
xmin   110      212.2772 kcal/mol        0.0585 kcal/(mol*A)
xmin   120      212.2734 kcal/mol        0.0095 kcal/(mol*A)
xmin   130      212.2725 kcal/mol        0.0184 kcal/(mol*A)
xmin   140      212.2718 kcal/mol        0.0389 kcal/(mol*A)
xmin   150      212.2717 kcal/mol        0.0078 kcal/(mol*A)
xmin   160      212.2715 kcal/mol        0.0191 kcal/(mol*A)
xmin   170      212.2714 kcal/mol        0.0104 kcal/(mol*A)
xmin   180      212.2713 kcal/mol        0.0090 kcal/(mol*A)
xmin   190      212.2713 kcal/mol        0.0034 kcal/(mol*A)
xmin   200      212.2712 kcal/mol        0.0127 kcal/(mol*A)
xmin   210      212.2712 kcal/mol        0.0020 kcal/(mol*A)
xmin   220      212.2711 kcal/mol        0.0020 kcal/(mol*A)
xmin   230      212.2711 kcal/mol        0.0014 kcal/(mol*A)
xmin   240      212.2711 kcal/mol        0.0030 kcal/(mol*A)
  ... geometry converged !
 
 Final MO eigenvalues (eV):
 -47.9658  -41.4086  -39.1713  -37.4594  -33.8618  -29.8688  -29.2842  -27.2998
 -25.2247  -24.6734  -22.0047  -21.9130  -21.2516  -20.4932  -19.8102  -18.7280
 -17.9399  -17.5934  -17.1534  -16.8265  -15.9769  -15.7312  -15.4039  -14.9085
 -14.4674   -5.2121   -4.4130   -4.3083   -3.4313   -1.8564   -1.8192   -1.4257
  -0.9759   -0.5419   -0.2930   -0.1067    0.0195    0.4529    0.5844    0.8354
   1.1082    1.1589    1.3551    1.6142    1.8137    2.2017    2.2266    2.5328


 Heat of formation   =        212.27112647 kcal/mol  (        9.20476677 eV)

 Total SCF energy    =     -35651.02194667 kcal/mol  (    -1545.94431927 eV)
 Electronic energy   =    -169829.33698251 kcal/mol  (    -7364.35267259 eV)
 Core-core repulsion =     134178.31503584 kcal/mol  (     5818.40835332 eV)
 
    Atomic Charges for Step       1 :
  Atom    Element       Mulliken Charge
     1      N                 -0.181
     2      C                 -0.038
     3      N                  0.001
     4      N                 -0.063
     5      C                  0.038
     6      C                 -0.019
     7      C                 -0.182
     8      C                 -0.158
     9      C                 -0.216
    10      H                  0.323
    11      H                  0.271
    12      H                  0.272
    13      H                  0.154
    14      H                  0.125
    15      H                  0.122
    16      H                  0.101
    17      H                  0.095
    18      H                  0.087
    19      H                  0.100
    20      H                  0.082
    21      H                  0.086
 Total Mulliken Charge =       1.000
 
                  X        Y        Z     TOTAL  
  QM DIPOLE     3.003    0.449   15.741   16.031
 
 Final Structure

  QMMM: QM Region Cartesian Coordinates (*=link atom) 
  QMMM: QM_NO.   MM_NO.  ATOM         X         Y         Z
  QMMM:     1        1      N        0.4819   -0.4068    4.5049
  QMMM:     2        2      C        1.4224   -1.3946    4.1394
  QMMM:     3        3      N        1.9036   -1.1240    2.9051
  QMMM:     4        4      N        1.2909    0.0119    2.4936
  QMMM:     5        5      C        0.4099    0.4732    3.4461
  QMMM:     6        6      C        1.5257    0.6377    1.1797
  QMMM:     7        7      C        1.0279   -0.1989    0.0065
  QMMM:     8        8      C        1.3099    0.5480   -1.2841
  QMMM:     9        9      C        0.8272   -0.2423   -2.4735
  QMMM:    10       10      H       -0.0253   -0.3522    5.3611
  QMMM:    11       11      H        1.7060   -2.2487    4.7793
  QMMM:    12       12      H       -0.2252    1.3749    3.3841
  QMMM:    13       13      H        2.6395    0.8040    1.0857
  QMMM:    14       14      H        1.0014    1.6350    1.2025
  QMMM:    15       15      H        1.5481   -1.1932   -0.0134
  QMMM:    16       16      H       -0.0732   -0.3910    0.0970
  QMMM:    17       17      H        2.4126    0.7352   -1.3786
  QMMM:    18       18      H        0.7999    1.5474   -1.2631
  QMMM:    19       19      H        1.0432    0.3188   -3.4154
  QMMM:    20       20      H       -0.2739   -0.4191   -2.4133
  QMMM:    21       21      H        1.3416   -1.2323   -2.5275

           --------- Calculation Completed ----------

