                      :-) GROMACS - gmx mdrun, 2019.3 (-:

                            GROMACS is written by:
     Emile Apol      Rossen Apostolov      Paul Bauer     Herman J.C. Berendsen
    Par Bjelkmar      Christian Blau   Viacheslav Bolnykh     Kevin Boyd    
 Aldert van Buuren   Rudi van Drunen     Anton Feenstra       Alan Gray     
  Gerrit Groenhof     Anca Hamuraru    Vincent Hindriksen  M. Eric Irrgang  
  Aleksei Iupinov   Christoph Junghans     Joe Jordan     Dimitrios Karkoulis
    Peter Kasson        Jiri Kraus      Carsten Kutzner      Per Larsson    
  Justin A. Lemkul    Viveca Lindahl    Magnus Lundborg     Erik Marklund   
    Pascal Merz     Pieter Meulenhoff    Teemu Murtola       Szilard Pall   
    Sander Pronk      Roland Schulz      Michael Shirts    Alexey Shvetsov  
   Alfons Sijbers     Peter Tieleman      Jon Vincent      Teemu Virolainen 
 Christian Wennberg    Maarten Wolf   
                           and the project leaders:
        Mark Abraham, Berk Hess, Erik Lindahl, and David van der Spoel

Copyright (c) 1991-2000, University of Groningen, The Netherlands.
Copyright (c) 2001-2018, The GROMACS development team at
Uppsala University, Stockholm University and
the Royal Institute of Technology, Sweden.
check out http://www.gromacs.org for more information.

GROMACS is free software; you can redistribute it and/or modify it
under the terms of the GNU Lesser General Public License
as published by the Free Software Foundation; either version 2.1
of the License, or (at your option) any later version.

GROMACS:      gmx mdrun, version 2019.3
Executable:   /home/dgomes/software/gmx2019.3/bin/gmx
Data prefix:  /home/dgomes/software/gmx2019.3
Working dir:  /home/dgomes/water_md/spce
Process ID:   24452
Command line:
  gmx mdrun -deffnm eql

GROMACS version:    2019.3
Precision:          single
Memory model:       64 bit
MPI library:        thread_mpi
OpenMP support:     enabled (GMX_OPENMP_MAX_THREADS = 64)
GPU support:        disabled
SIMD instructions:  SSE4.1
FFT library:        fftw-3.3.8-sse2
RDTSCP usage:       disabled
TNG support:        enabled
Hwloc support:      disabled
Tracing support:    disabled
C compiler:         /usr/bin/cc GNU 4.8.5
C compiler flags:    -msse4.1     -O3 -DNDEBUG -funroll-all-loops -fexcess-precision=fast  
C++ compiler:       /usr/bin/c++ GNU 4.8.5
C++ compiler flags:  -msse4.1    -std=c++11   -O3 -DNDEBUG -funroll-all-loops -fexcess-precision=fast  


Running on 1 node with total 8 cores, 8 logical cores
Hardware detected:
  CPU info:
    Vendor: Intel
    Brand:  Intel(R) Xeon(R) CPU           E5620  @ 2.40GHz
    Family: 6   Model: 44   Stepping: 2
    Features: apic clfsh cmov cx8 cx16 htt intel lahf mmx msr nonstop_tsc pcid pdcm pdpe1gb popcnt pse rdtscp sse2 sse3 sse4.1 sse4.2 ssse3
  Hardware topology: Only logical processor count

The current CPU can measure timings more accurately than the code in
gmx mdrun was configured to use. This might affect your simulation
speed as accurate timings are needed for load-balancing.
Please consider rebuilding gmx mdrun with the GMX_USE_RDTSCP=ON CMake option.

++++ PLEASE READ AND CITE THE FOLLOWING REFERENCE ++++
M. J. Abraham, T. Murtola, R. Schulz, S. Páll, J. C. Smith, B. Hess, E.
Lindahl
GROMACS: High performance molecular simulations through multi-level
parallelism from laptops to supercomputers
SoftwareX 1 (2015) pp. 19-25
-------- -------- --- Thank You --- -------- --------


++++ PLEASE READ AND CITE THE FOLLOWING REFERENCE ++++
S. Páll, M. J. Abraham, C. Kutzner, B. Hess, E. Lindahl
Tackling Exascale Software Challenges in Molecular Dynamics Simulations with
GROMACS
In S. Markidis & E. Laure (Eds.), Solving Software Challenges for Exascale 8759 (2015) pp. 3-27
-------- -------- --- Thank You --- -------- --------


++++ PLEASE READ AND CITE THE FOLLOWING REFERENCE ++++
S. Pronk, S. Páll, R. Schulz, P. Larsson, P. Bjelkmar, R. Apostolov, M. R.
Shirts, J. C. Smith, P. M. Kasson, D. van der Spoel, B. Hess, and E. Lindahl
GROMACS 4.5: a high-throughput and highly parallel open source molecular
simulation toolkit
Bioinformatics 29 (2013) pp. 845-54
-------- -------- --- Thank You --- -------- --------


++++ PLEASE READ AND CITE THE FOLLOWING REFERENCE ++++
B. Hess and C. Kutzner and D. van der Spoel and E. Lindahl
GROMACS 4: Algorithms for highly efficient, load-balanced, and scalable
molecular simulation
J. Chem. Theory Comput. 4 (2008) pp. 435-447
-------- -------- --- Thank You --- -------- --------


++++ PLEASE READ AND CITE THE FOLLOWING REFERENCE ++++
D. van der Spoel, E. Lindahl, B. Hess, G. Groenhof, A. E. Mark and H. J. C.
Berendsen
GROMACS: Fast, Flexible and Free
J. Comp. Chem. 26 (2005) pp. 1701-1719
-------- -------- --- Thank You --- -------- --------


++++ PLEASE READ AND CITE THE FOLLOWING REFERENCE ++++
E. Lindahl and B. Hess and D. van der Spoel
GROMACS 3.0: A package for molecular simulation and trajectory analysis
J. Mol. Mod. 7 (2001) pp. 306-317
-------- -------- --- Thank You --- -------- --------


++++ PLEASE READ AND CITE THE FOLLOWING REFERENCE ++++
H. J. C. Berendsen, D. van der Spoel and R. van Drunen
GROMACS: A message-passing parallel molecular dynamics implementation
Comp. Phys. Comm. 91 (1995) pp. 43-56
-------- -------- --- Thank You --- -------- --------


++++ PLEASE CITE THE DOI FOR THIS VERSION OF GROMACS ++++
https://doi.org/10.5281/zenodo.3243833
-------- -------- --- Thank You --- -------- --------

Input Parameters:
   integrator                     = md
   tinit                          = 0
   dt                             = 0.002
   nsteps                         = 50000
   init-step                      = 0
   simulation-part                = 1
   comm-mode                      = Linear
   nstcomm                        = 100
   bd-fric                        = 0
   ld-seed                        = 446439892
   emtol                          = 10
   emstep                         = 0.01
   niter                          = 20
   fcstep                         = 0
   nstcgsteep                     = 1000
   nbfgscorr                      = 10
   rtpi                           = 0.05
   nstxout                        = 0
   nstvout                        = 0
   nstfout                        = 0
   nstlog                         = 2000
   nstcalcenergy                  = 100
   nstenergy                      = 200
   nstxout-compressed             = 10000
   compressed-x-precision         = 1000
   cutoff-scheme                  = Verlet
   nstlist                        = 10
   ns-type                        = Grid
   pbc                            = xyz
   periodic-molecules             = false
   verlet-buffer-tolerance        = 0.005
   rlist                          = 1
   coulombtype                    = PME
   coulomb-modifier               = Potential-shift
   rcoulomb-switch                = 0
   rcoulomb                       = 1
   epsilon-r                      = 1
   epsilon-rf                     = inf
   vdw-type                       = Cut-off
   vdw-modifier                   = Potential-shift
   rvdw-switch                    = 0
   rvdw                           = 1
   DispCorr                       = EnerPres
   table-extension                = 1
   fourierspacing                 = 0.12
   fourier-nx                     = 25
   fourier-ny                     = 25
   fourier-nz                     = 25
   pme-order                      = 4
   ewald-rtol                     = 1e-05
   ewald-rtol-lj                  = 0.001
   lj-pme-comb-rule               = Geometric
   ewald-geometry                 = 0
   epsilon-surface                = 0
   tcoupl                         = Nose-Hoover
   nsttcouple                     = 10
   nh-chain-length                = 1
   print-nose-hoover-chain-variables = false
   pcoupl                         = No
   pcoupltype                     = Isotropic
   nstpcouple                     = -1
   tau-p                          = 1
   compressibility (3x3):
      compressibility[    0]={ 0.00000e+00,  0.00000e+00,  0.00000e+00}
      compressibility[    1]={ 0.00000e+00,  0.00000e+00,  0.00000e+00}
      compressibility[    2]={ 0.00000e+00,  0.00000e+00,  0.00000e+00}
   ref-p (3x3):
      ref-p[    0]={ 0.00000e+00,  0.00000e+00,  0.00000e+00}
      ref-p[    1]={ 0.00000e+00,  0.00000e+00,  0.00000e+00}
      ref-p[    2]={ 0.00000e+00,  0.00000e+00,  0.00000e+00}
   refcoord-scaling               = No
   posres-com (3):
      posres-com[0]= 0.00000e+00
      posres-com[1]= 0.00000e+00
      posres-com[2]= 0.00000e+00
   posres-comB (3):
      posres-comB[0]= 0.00000e+00
      posres-comB[1]= 0.00000e+00
      posres-comB[2]= 0.00000e+00
   QMMM                           = false
   QMconstraints                  = 0
   QMMMscheme                     = 0
   MMChargeScaleFactor            = 1
qm-opts:
   ngQM                           = 0
   constraint-algorithm           = Lincs
   continuation                   = false
   Shake-SOR                      = false
   shake-tol                      = 0.0001
   lincs-order                    = 4
   lincs-iter                     = 1
   lincs-warnangle                = 30
   nwall                          = 0
   wall-type                      = 9-3
   wall-r-linpot                  = -1
   wall-atomtype[0]               = -1
   wall-atomtype[1]               = -1
   wall-density[0]                = 0
   wall-density[1]                = 0
   wall-ewald-zfac                = 3
   pull                           = false
   awh                            = false
   rotation                       = false
   interactiveMD                  = false
   disre                          = No
   disre-weighting                = Conservative
   disre-mixed                    = false
   dr-fc                          = 1000
   dr-tau                         = 0
   nstdisreout                    = 100
   orire-fc                       = 0
   orire-tau                      = 0
   nstorireout                    = 100
   free-energy                    = no
   cos-acceleration               = 0
   deform (3x3):
      deform[    0]={ 0.00000e+00,  0.00000e+00,  0.00000e+00}
      deform[    1]={ 0.00000e+00,  0.00000e+00,  0.00000e+00}
      deform[    2]={ 0.00000e+00,  0.00000e+00,  0.00000e+00}
   simulated-tempering            = false
   swapcoords                     = no
   userint1                       = 0
   userint2                       = 0
   userint3                       = 0
   userint4                       = 0
   userreal1                      = 0
   userreal2                      = 0
   userreal3                      = 0
   userreal4                      = 0
   applied-forces:
     electric-field:
       x:
         E0                       = 0
         omega                    = 0
         t0                       = 0
         sigma                    = 0
       y:
         E0                       = 0
         omega                    = 0
         t0                       = 0
         sigma                    = 0
       z:
         E0                       = 0
         omega                    = 0
         t0                       = 0
         sigma                    = 0
grpopts:
   nrdf:        5301
   ref-t:      298.15
   tau-t:           2
annealing:          No
annealing-npoints:           0
   acc:	           0           0           0
   nfreeze:           N           N           N
   energygrp-flags[  0]: 0

Changing nstlist from 10 to 40, rlist from 1 to 1.098


Using 1 MPI thread
Using 8 OpenMP threads 

Pinning threads with an auto-selected logical core stride of 1
System total charge: 0.000
Will do PME sum in reciprocal space for electrostatic interactions.

++++ PLEASE READ AND CITE THE FOLLOWING REFERENCE ++++
U. Essmann, L. Perera, M. L. Berkowitz, T. Darden, H. Lee and L. G. Pedersen 
A smooth particle mesh Ewald method
J. Chem. Phys. 103 (1995) pp. 8577-8592
-------- -------- --- Thank You --- -------- --------

Using a Gaussian width (1/beta) of 0.320163 nm for Ewald
Potential shift: LJ r^-12: -1.000e+00 r^-6: -1.000e+00, Ewald -1.000e-05
Initialized non-bonded Ewald correction tables, spacing: 9.33e-04 size: 1073

Long Range LJ corr.: <C6> 2.9078e-04
Generated table with 1049 data points for Ewald.
Tabscale = 500 points/nm
Generated table with 1049 data points for LJ6.
Tabscale = 500 points/nm
Generated table with 1049 data points for LJ12.
Tabscale = 500 points/nm

Using SIMD 4x4 nonbonded short-range kernels

Using a dual 4x4 pair-list setup updated with dynamic pruning:
  outer list: updated every 40 steps, buffer 0.098 nm, rlist 1.098 nm
  inner list: updated every 11 steps, buffer 0.001 nm, rlist 1.001 nm
At tolerance 0.005 kJ/mol/ps per atom, equivalent classical 1x1 list would be:
  outer list: updated every 40 steps, buffer 0.213 nm, rlist 1.213 nm
  inner list: updated every 11 steps, buffer 0.042 nm, rlist 1.042 nm

Using geometric Lennard-Jones combination rule

Removing pbc first time

++++ PLEASE READ AND CITE THE FOLLOWING REFERENCE ++++
S. Miyamoto and P. A. Kollman
SETTLE: An Analytical Version of the SHAKE and RATTLE Algorithms for Rigid
Water Models
J. Comp. Chem. 13 (1992) pp. 952-962
-------- -------- --- Thank You --- -------- --------

Center of mass motion removal mode is Linear
We have the following groups for center of mass motion removal:
  0:  rest
There are: 2652 Atoms

Constraining the starting coordinates (step 0)

Constraining the coordinates at t0-dt (step 0)
RMS relative constraint deviation after constraining: 0.00e+00
Initial temperature: 301.709 K

Started mdrun on rank 0 Thu Jul 18 00:07:49 2019

           Step           Time
              0        0.00000

   Energies (kJ/mol)
        LJ (SR)  Disper. corr.   Coulomb (SR)   Coul. recip.      Potential
    1.03778e+04   -3.16895e+02   -5.95691e+04    1.12176e+02   -4.93960e+04
    Kinetic En.   Total Energy  Conserved En.    Temperature Pres. DC (bar)
    6.64885e+03   -4.27472e+04   -4.27472e+04    3.01707e+02   -1.95132e+02
 Pressure (bar)
   -2.55831e+03

           Step           Time
           2000        4.00000

   Energies (kJ/mol)
        LJ (SR)  Disper. corr.   Coulomb (SR)   Coul. recip.      Potential
    7.38851e+03   -3.16895e+02   -4.76175e+04    2.19475e+02   -4.03264e+04
    Kinetic En.   Total Energy  Conserved En.    Temperature Pres. DC (bar)
    6.26136e+03   -3.40650e+04   -4.19609e+04    2.84123e+02   -1.95132e+02
 Pressure (bar)
   -9.74233e+02

           Step           Time
           4000        8.00000

   Energies (kJ/mol)
        LJ (SR)  Disper. corr.   Coulomb (SR)   Coul. recip.      Potential
    7.70776e+03   -3.16895e+02   -4.72033e+04    2.57093e+02   -3.95554e+04
    Kinetic En.   Total Energy  Conserved En.    Temperature Pres. DC (bar)
    7.34291e+03   -3.22125e+04   -4.15922e+04    3.33201e+02   -1.95132e+02
 Pressure (bar)
    3.23680e+02

           Step           Time
           6000       12.00000

   Energies (kJ/mol)
        LJ (SR)  Disper. corr.   Coulomb (SR)   Coul. recip.      Potential
    8.46092e+03   -3.16895e+02   -5.01301e+04    2.05430e+02   -4.17806e+04
    Kinetic En.   Total Energy  Conserved En.    Temperature Pres. DC (bar)
    6.50167e+03   -3.52790e+04   -4.15479e+04    2.95028e+02   -1.95132e+02
 Pressure (bar)
   -4.81454e+01

           Step           Time
           8000       16.00000

   Energies (kJ/mol)
        LJ (SR)  Disper. corr.   Coulomb (SR)   Coul. recip.      Potential
    8.04920e+03   -3.16895e+02   -4.93515e+04    2.22488e+02   -4.13968e+04
    Kinetic En.   Total Energy  Conserved En.    Temperature Pres. DC (bar)
    6.32505e+03   -3.50717e+04   -4.15687e+04    2.87013e+02   -1.95132e+02
 Pressure (bar)
   -7.58095e+02

           Step           Time
          10000       20.00000

   Energies (kJ/mol)
        LJ (SR)  Disper. corr.   Coulomb (SR)   Coul. recip.      Potential
    7.72830e+03   -3.16895e+02   -4.88132e+04    2.19449e+02   -4.11823e+04
    Kinetic En.   Total Energy  Conserved En.    Temperature Pres. DC (bar)
    6.67475e+03   -3.45076e+04   -4.15797e+04    3.02882e+02   -1.95132e+02
 Pressure (bar)
   -1.06852e+03

           Step           Time
          12000       24.00000

   Energies (kJ/mol)
        LJ (SR)  Disper. corr.   Coulomb (SR)   Coul. recip.      Potential
    8.04232e+03   -3.16895e+02   -4.89442e+04    2.20704e+02   -4.09981e+04
    Kinetic En.   Total Energy  Conserved En.    Temperature Pres. DC (bar)
    6.80027e+03   -3.41978e+04   -4.15441e+04    3.08577e+02   -1.95132e+02
 Pressure (bar)
   -3.29194e+02

           Step           Time
          14000       28.00000

   Energies (kJ/mol)
        LJ (SR)  Disper. corr.   Coulomb (SR)   Coul. recip.      Potential
    8.34447e+03   -3.16895e+02   -4.96824e+04    1.96013e+02   -4.14588e+04
    Kinetic En.   Total Energy  Conserved En.    Temperature Pres. DC (bar)
    6.44630e+03   -3.50125e+04   -4.15466e+04    2.92515e+02   -1.95132e+02
 Pressure (bar)
   -3.48772e+01

           Step           Time
          16000       32.00000

   Energies (kJ/mol)
        LJ (SR)  Disper. corr.   Coulomb (SR)   Coul. recip.      Potential
    8.19522e+03   -3.16895e+02   -4.92504e+04    2.04248e+02   -4.11679e+04
    Kinetic En.   Total Energy  Conserved En.    Temperature Pres. DC (bar)
    6.75743e+03   -3.44104e+04   -4.15577e+04    3.06633e+02   -1.95132e+02
 Pressure (bar)
   -3.16186e+01

           Step           Time
          18000       36.00000

   Energies (kJ/mol)
        LJ (SR)  Disper. corr.   Coulomb (SR)   Coul. recip.      Potential
    8.40839e+03   -3.16895e+02   -4.95850e+04    2.18861e+02   -4.12746e+04
    Kinetic En.   Total Energy  Conserved En.    Temperature Pres. DC (bar)
    6.61899e+03   -3.46556e+04   -4.15477e+04    3.00352e+02   -1.95132e+02
 Pressure (bar)
    2.58304e+02

           Step           Time
          20000       40.00000

   Energies (kJ/mol)
        LJ (SR)  Disper. corr.   Coulomb (SR)   Coul. recip.      Potential
    8.10560e+03   -3.16895e+02   -4.91963e+04    2.13615e+02   -4.11940e+04
    Kinetic En.   Total Energy  Conserved En.    Temperature Pres. DC (bar)
    6.65917e+03   -3.45348e+04   -4.15405e+04    3.02175e+02   -1.95132e+02
 Pressure (bar)
   -3.08039e+02

           Step           Time
          22000       44.00000

   Energies (kJ/mol)
        LJ (SR)  Disper. corr.   Coulomb (SR)   Coul. recip.      Potential
    7.95731e+03   -3.16895e+02   -4.93794e+04    2.04418e+02   -4.15346e+04
    Kinetic En.   Total Energy  Conserved En.    Temperature Pres. DC (bar)
    6.34155e+03   -3.51930e+04   -4.15390e+04    2.87762e+02   -1.95132e+02
 Pressure (bar)
   -8.66956e+02

           Step           Time
          24000       48.00000

   Energies (kJ/mol)
        LJ (SR)  Disper. corr.   Coulomb (SR)   Coul. recip.      Potential
    8.02498e+03   -3.16895e+02   -4.89974e+04    2.26130e+02   -4.10632e+04
    Kinetic En.   Total Energy  Conserved En.    Temperature Pres. DC (bar)
    6.44127e+03   -3.46220e+04   -4.15346e+04    2.92287e+02   -1.95132e+02
 Pressure (bar)
   -4.20205e+02

           Step           Time
          26000       52.00000

   Energies (kJ/mol)
        LJ (SR)  Disper. corr.   Coulomb (SR)   Coul. recip.      Potential
    8.23104e+03   -3.16895e+02   -4.92991e+04    2.18751e+02   -4.11662e+04
    Kinetic En.   Total Energy  Conserved En.    Temperature Pres. DC (bar)
    6.55502e+03   -3.46111e+04   -4.15459e+04    2.97449e+02   -1.95132e+02
 Pressure (bar)
    7.13106e+01

           Step           Time
          28000       56.00000

   Energies (kJ/mol)
        LJ (SR)  Disper. corr.   Coulomb (SR)   Coul. recip.      Potential
    8.04535e+03   -3.16895e+02   -4.90558e+04    2.29568e+02   -4.10977e+04
    Kinetic En.   Total Energy  Conserved En.    Temperature Pres. DC (bar)
    6.50574e+03   -3.45920e+04   -4.15466e+04    2.95213e+02   -1.95132e+02
 Pressure (bar)
   -3.09440e+02

           Step           Time
          30000       60.00000

   Energies (kJ/mol)
        LJ (SR)  Disper. corr.   Coulomb (SR)   Coul. recip.      Potential
    8.42188e+03   -3.16895e+02   -4.93819e+04    2.34740e+02   -4.10422e+04
    Kinetic En.   Total Energy  Conserved En.    Temperature Pres. DC (bar)
    6.71792e+03   -3.43243e+04   -4.15258e+04    3.04841e+02   -1.95132e+02
 Pressure (bar)
    3.83512e+02

           Step           Time
          32000       64.00000

   Energies (kJ/mol)
        LJ (SR)  Disper. corr.   Coulomb (SR)   Coul. recip.      Potential
    7.79694e+03   -3.16895e+02   -4.94805e+04    2.01669e+02   -4.17988e+04
    Kinetic En.   Total Energy  Conserved En.    Temperature Pres. DC (bar)
    6.35206e+03   -3.54467e+04   -4.15249e+04    2.88239e+02   -1.95132e+02
 Pressure (bar)
   -1.41403e+03

           Step           Time
          34000       68.00000

   Energies (kJ/mol)
        LJ (SR)  Disper. corr.   Coulomb (SR)   Coul. recip.      Potential
    8.05429e+03   -3.16895e+02   -4.94864e+04    1.98424e+02   -4.15506e+04
    Kinetic En.   Total Energy  Conserved En.    Temperature Pres. DC (bar)
    6.47326e+03   -3.50774e+04   -4.15372e+04    2.93739e+02   -1.95132e+02
 Pressure (bar)
   -6.26353e+02

           Step           Time
          36000       72.00000

   Energies (kJ/mol)
        LJ (SR)  Disper. corr.   Coulomb (SR)   Coul. recip.      Potential
    8.02713e+03   -3.16895e+02   -4.92229e+04    1.97510e+02   -4.13151e+04
    Kinetic En.   Total Energy  Conserved En.    Temperature Pres. DC (bar)
    6.70271e+03   -3.46124e+04   -4.15353e+04    3.04150e+02   -1.95132e+02
 Pressure (bar)
   -4.68758e+02

           Step           Time
          38000       76.00000

   Energies (kJ/mol)
        LJ (SR)  Disper. corr.   Coulomb (SR)   Coul. recip.      Potential
    7.99966e+03   -3.16895e+02   -4.89575e+04    2.26901e+02   -4.10478e+04
    Kinetic En.   Total Energy  Conserved En.    Temperature Pres. DC (bar)
    6.83303e+03   -3.42148e+04   -4.15255e+04    3.10064e+02   -1.95132e+02
 Pressure (bar)
   -2.70623e+02

           Step           Time
          40000       80.00000

   Energies (kJ/mol)
        LJ (SR)  Disper. corr.   Coulomb (SR)   Coul. recip.      Potential
    8.22454e+03   -3.16895e+02   -4.95001e+04    2.05396e+02   -4.13871e+04
    Kinetic En.   Total Energy  Conserved En.    Temperature Pres. DC (bar)
    6.59668e+03   -3.47904e+04   -4.15044e+04    2.99339e+02   -1.95132e+02
 Pressure (bar)
   -3.21155e+02

           Step           Time
          42000       84.00000

   Energies (kJ/mol)
        LJ (SR)  Disper. corr.   Coulomb (SR)   Coul. recip.      Potential
    8.12725e+03   -3.16895e+02   -4.92575e+04    2.05839e+02   -4.12413e+04
    Kinetic En.   Total Energy  Conserved En.    Temperature Pres. DC (bar)
    6.30843e+03   -3.49329e+04   -4.15251e+04    2.86259e+02   -1.95132e+02
 Pressure (bar)
   -1.78966e+02

           Step           Time
          44000       88.00000

   Energies (kJ/mol)
        LJ (SR)  Disper. corr.   Coulomb (SR)   Coul. recip.      Potential
    8.21668e+03   -3.16895e+02   -4.90708e+04    2.15824e+02   -4.09552e+04
    Kinetic En.   Total Energy  Conserved En.    Temperature Pres. DC (bar)
    6.63139e+03   -3.43238e+04   -4.15112e+04    3.00914e+02   -1.95132e+02
 Pressure (bar)
    8.14066e+01

           Step           Time
          46000       92.00000

   Energies (kJ/mol)
        LJ (SR)  Disper. corr.   Coulomb (SR)   Coul. recip.      Potential
    7.98910e+03   -3.16895e+02   -4.90438e+04    1.92135e+02   -4.11794e+04
    Kinetic En.   Total Energy  Conserved En.    Temperature Pres. DC (bar)
    6.55917e+03   -3.46202e+04   -4.15139e+04    2.97637e+02   -1.95132e+02
 Pressure (bar)
   -5.50046e+02

           Step           Time
          48000       96.00000

   Energies (kJ/mol)
        LJ (SR)  Disper. corr.   Coulomb (SR)   Coul. recip.      Potential
    8.05147e+03   -3.16895e+02   -4.92255e+04    2.11283e+02   -4.12796e+04
    Kinetic En.   Total Energy  Conserved En.    Temperature Pres. DC (bar)
    6.44791e+03   -3.48317e+04   -4.15039e+04    2.92588e+02   -1.95132e+02
 Pressure (bar)
   -5.12378e+02

           Step           Time
          50000      100.00000

Writing checkpoint, step 50000 at Thu Jul 18 00:08:38 2019


   Energies (kJ/mol)
        LJ (SR)  Disper. corr.   Coulomb (SR)   Coul. recip.      Potential
    8.19794e+03   -3.16895e+02   -4.99567e+04    2.32065e+02   -4.18436e+04
    Kinetic En.   Total Energy  Conserved En.    Temperature Pres. DC (bar)
    6.30548e+03   -3.55381e+04   -4.15187e+04    2.86125e+02   -1.95132e+02
 Pressure (bar)
   -6.79929e+02

	<======  ###############  ==>
	<====  A V E R A G E S  ====>
	<==  ###############  ======>

	Statistics over 50001 steps using 501 frames

   Energies (kJ/mol)
        LJ (SR)  Disper. corr.   Coulomb (SR)   Coul. recip.      Potential
    8.07947e+03   -3.16895e+02   -4.92408e+04    2.13251e+02   -4.12650e+04
    Kinetic En.   Total Energy  Conserved En.    Temperature Pres. DC (bar)
    6.57679e+03   -3.46882e+04   -4.15732e+04    2.98437e+02   -1.95132e+02
 Pressure (bar)
   -3.95006e+02

   Total Virial (kJ/mol)
    2.48979e+03    4.00837e+01   -2.86061e+01
    4.00699e+01    2.53548e+03   -1.96945e+01
   -2.86308e+01   -1.97041e+01    2.51493e+03

   Pressure (bar)
   -3.61035e+02   -4.65499e+01    3.35002e+01
   -4.65329e+01   -4.20168e+02    2.10600e+01
    3.35306e+01    2.10719e+01   -4.03814e+02


	M E G A - F L O P S   A C C O U N T I N G

 NB=Group-cutoff nonbonded kernels    NxN=N-by-N cluster Verlet kernels
 RF=Reaction-Field  VdW=Van der Waals  QSTab=quadratic-spline table
 W3=SPC/TIP3p  W4=TIP4p (single or pairs)
 V&F=Potential and force  V=Potential only  F=Force only

 Computing:                               M-Number         M-Flops  % Flops
-----------------------------------------------------------------------------
 Pair Search distance check            1050.375834        9453.383     0.3
 NxN QSTab Elec. + LJ [F]             32708.887384     1341064.383    48.7
 NxN QSTab Elec. + LJ [V&F]             331.121056       19536.142     0.7
 NxN QSTab Elec. [F]                  32216.598520     1095364.350    39.8
 NxN QSTab Elec. [V&F]                  325.953808       13364.106     0.5
 Calc Weights                           397.807956       14321.086     0.5
 Spread Q Bspline                      8486.569728       16973.139     0.6
 Gather F Bspline                      8486.569728       50919.418     1.8
 3D-FFT                               21768.435360      174147.483     6.3
 Solve PME                               31.250625        2000.040     0.1
 Shift-X                                  3.317652          19.906     0.0
 Virial                                   1.351197          24.322     0.0
 Stop-CM                                  1.331304          13.313     0.0
 Calc-Ekin                               26.525304         716.183     0.0
 Constraint-V                           132.605304        1060.842     0.0
 Constraint-Vir                           1.328652          31.888     0.0
 Settle                                  44.202652       14277.457     0.5
-----------------------------------------------------------------------------
 Total                                                 2753287.441   100.0
-----------------------------------------------------------------------------


     R E A L   C Y C L E   A N D   T I M E   A C C O U N T I N G

On 1 MPI rank, each using 8 OpenMP threads

 Computing:          Num   Num      Call    Wall time         Giga-Cycles
                     Ranks Threads  Count      (s)         total sum    %
-----------------------------------------------------------------------------
 Neighbor search        1    8       1251       1.204         23.120   2.4
 Force                  1    8      50001      35.283        677.466  71.3
 PME mesh               1    8      50001       9.971        191.454  20.1
 NB X/F buffer ops.     1    8      98751       1.430         27.466   2.9
 Write traj.            1    8          6       0.026          0.506   0.1
 Update                 1    8      50001       0.557         10.699   1.1
 Constraints            1    8      50003       0.593         11.387   1.2
 Rest                                           0.423          8.114   0.9
-----------------------------------------------------------------------------
 Total                                         49.488        950.211 100.0
-----------------------------------------------------------------------------
 Breakdown of PME mesh computation
-----------------------------------------------------------------------------
 PME spread             1    8      50001       3.465         66.533   7.0
 PME gather             1    8      50001       2.664         51.144   5.4
 PME 3D-FFT             1    8     100002       3.241         62.239   6.6
 PME solve Elec         1    8      50001       0.439          8.438   0.9
-----------------------------------------------------------------------------

               Core t (s)   Wall t (s)        (%)
       Time:      395.895       49.488      800.0
                 (ns/day)    (hour/ns)
Performance:      174.592        0.137
Finished mdrun on rank 0 Thu Jul 18 00:08:38 2019

