            --------------------------------------------------------
                             AMBER SQM VERSION 19
 
                                     By
              Ross C. Walker, Michael F. Crowley, Scott Brozell,
                         Tim Giese, Andreas W. Goetz,
                        Tai-Sung Lee and David A. Case
 
            --------------------------------------------------------
 

--------------------------------------------------------------------------------
  QM CALCULATION INFO
--------------------------------------------------------------------------------

| QMMM: Citation for AMBER QMMM Run:
| QMMM: R.C. Walker, M.F. Crowley and D.A. Case, J. COMP. CHEM. 29:1019, 2008

QMMM: SINGLET STATE CALCULATION
QMMM: RHF CALCULATION, NO. OF DOUBLY OCCUPIED LEVELS = 43

| QMMM: *** Selected Hamiltonian *** 
| QMMM: AM1         

| QMMM: *** Parameter sets in use ***
| QMMM: N : M.J.S.DEWAR et al. JACS, 107, 3902, (1985)
| QMMM: C : M.J.S.DEWAR et al. JACS, 107, 3902, (1985)
| QMMM: H : M.J.S.DEWAR et al. JACS, 107, 3902, (1985)

| QMMM: *** SCF convergence criteria ***
| QMMM: Energy change                :  0.1D-09 kcal/mol
| QMMM: Error matrix |FP-PF|         :  0.1D+00 au
| QMMM: Density matrix change        :  0.5D-06
| QMMM: Maximum number of SCF cycles :     1000

| QMMM: *** Diagonalization Routine Information ***
| QMMM: Pseudo diagonalizations are allowed.
| QMMM: Auto diagonalization routine selection is in use.
| QMMM:
| QMMM: Timing diagonalization routines:
| QMMM:                              norbs =       84
| QMMM:    diag iterations used for timing =       15
| QMMM:
| QMMM:              Internal diag routine = 0.026400 seconds
| QMMM:                 Dspev diag routine = 0.028436 seconds
| QMMM:                Dspevd diag routine = 0.022111 seconds
| QMMM:                Dspevx diag routine = 0.074642 seconds
| QMMM:                 Dsyev diag routine = 0.035046 seconds
| QMMM:                Dsyevd diag routine = 0.026253 seconds
| QMMM:                Dsyevr diag routine = 0.022907 seconds
| QMMM:
| QMMM:                Pseudo diag routine = 0.008084 seconds
| QMMM:
| QMMM: Using dspevd routine (diag_routine=3).

  QMMM: QM Region Cartesian Coordinates (*=link atom) 
  QMMM: QM_NO.   MM_NO.  ATOM         X         Y         Z
  QMMM:     1        1      N       -4.4380    4.3000   -8.0750
  QMMM:     2        2      C       -3.9310    4.9060   -7.0010
  QMMM:     3        3      N       -2.7150    4.3740   -6.7680
  QMMM:     4        4      N       -2.4640    3.4740   -7.6680
  QMMM:     5        5      C       -3.5240    3.4150   -8.4870
  QMMM:     6        6      C       -1.8450    4.6950   -5.6820
  QMMM:     7        7      C       -2.1860    3.8120   -4.4550
  QMMM:     8        8      C       -1.2890    4.1220   -3.2290
  QMMM:     9        9      C       -1.6300    3.2330   -2.0040
  QMMM:    10       10      C       -0.7250    3.5580   -0.7840
  QMMM:    11       11      C       -1.0420    2.6840    0.4580
  QMMM:    12       12      C       -0.1340    3.0120    1.6740
  QMMM:    13       13      C       -0.4610    2.1300    2.9090
  QMMM:    14       14      C        0.4370    2.4440    4.1330
  QMMM:    15       15      C        0.1050    1.5620    5.3570
  QMMM:    16       16      H       -4.3930    5.6360   -6.4520
  QMMM:    17       17      H       -3.6160    2.7900   -9.2880
  QMMM:    18       18      H       -0.8080    4.5190   -5.9850
  QMMM:    19       19      H       -1.9400    5.7540   -5.4250
  QMMM:    20       20      H       -2.0600    2.7620   -4.7350
  QMMM:    21       21      H       -3.2330    3.9690   -4.1810
  QMMM:    22       22      H       -1.4140    5.1730   -2.9550
  QMMM:    23       23      H       -0.2420    3.9650   -3.5050
  QMMM:    24       24      H       -2.6770    3.3890   -1.7270
  QMMM:    25       25      H       -1.5050    2.1810   -2.2760
  QMMM:    26       26      H        0.3200    3.4050   -1.0700
  QMMM:    27       27      H       -0.8550    4.6120   -0.5210
  QMMM:    28       28      H       -2.0870    2.8380    0.7420
  QMMM:    29       29      H       -0.9140    1.6310    0.1920
  QMMM:    30       30      H        0.9120    2.8590    1.3910
  QMMM:    31       31      H       -0.2610    4.0650    1.9420
  QMMM:    32       32      H       -1.5070    2.2840    3.1900
  QMMM:    33       33      H       -0.3340    1.0770    2.6390
  QMMM:    34       34      H        0.3130    3.4930    4.4160
  QMMM:    35       35      H        1.4860    2.2870    3.8650
  QMMM:    36       36      H        0.7650    1.8260    6.1860
  QMMM:    37       37      H       -0.9280    1.7180    5.6730
  QMMM:    38       38      H        0.2490    0.5070    5.1200
  QMMM:    39       39      H       -5.3050    4.4650   -8.4770

--------------------------------------------------------------------------------
  RESULTS
--------------------------------------------------------------------------------

      iter         sqm energy              rms gradient
      ----    -------------------    -----------------------
xmin    10      171.0470 kcal/mol        0.2380 kcal/(mol*A)
xmin    20      170.9706 kcal/mol        0.1875 kcal/(mol*A)
xmin    30      170.9381 kcal/mol        0.1121 kcal/(mol*A)
xmin    40      170.9260 kcal/mol        0.0360 kcal/(mol*A)
xmin    50      170.9183 kcal/mol        0.0154 kcal/(mol*A)
xmin    60      170.9159 kcal/mol        0.0149 kcal/(mol*A)
xmin    70      170.9133 kcal/mol        0.0183 kcal/(mol*A)
xmin    80      170.9124 kcal/mol        0.0105 kcal/(mol*A)
xmin    90      170.9107 kcal/mol        0.0147 kcal/(mol*A)
xmin   100      170.9105 kcal/mol        0.0031 kcal/(mol*A)
xmin   110      170.9105 kcal/mol        0.0019 kcal/(mol*A)
xmin   120      170.9105 kcal/mol        0.0024 kcal/(mol*A)
xmin   130      170.9105 kcal/mol        0.0010 kcal/(mol*A)
xmin   140      170.9105 kcal/mol        0.0007 kcal/(mol*A)
  ... geometry converged !
 
 Final MO eigenvalues (eV):
 -47.9475  -41.4766  -39.9452  -38.6799  -37.6375  -36.1470  -33.7746  -31.3192
 -29.4158  -28.9831  -27.3888  -25.8263  -24.7363  -24.3014  -23.3749  -22.8587
 -21.9776  -21.8782  -21.2087  -20.4682  -19.8946  -18.6896  -18.4804  -17.8872
 -17.6384  -17.1634  -17.0669  -16.6700  -16.3533  -16.1211  -15.7876  -15.6563
 -15.3090  -14.9342  -14.7401  -14.4436  -14.1806  -13.7766  -13.5118  -13.2189
 -12.9549  -12.8770  -12.5148   -5.1935   -4.3937   -4.2905   -3.4128   -1.8370
  -1.8005   -1.4080   -0.9595   -0.5154   -0.2713   -0.0810    0.0447    0.4720
   0.6205    0.8760    1.1501    1.1797    1.3553    1.5301    1.8223    1.8527
   2.0558    2.2339    2.3544    2.4505    2.5335    2.7331    2.7746    2.8324
   3.0261    3.1104    3.1706    3.2092    3.3513    3.5323    3.5414    3.7219
   3.7492    3.9071    3.9380    4.0506

 Heat of formation   =        170.91048979 kcal/mol  (        7.41123498 eV)

 Total SCF energy    =     -57213.50077252 kcal/mol  (    -2480.96356500 eV)
 Electronic energy   =    -346476.01513689 kcal/mol  (   -15024.32744187 eV)
 Core-core repulsion =     289262.51436437 kcal/mol  (    12543.36387686 eV)
 
    Atomic Charges for Step       1 :
  Atom    Element       Mulliken Charge
     1      N                 -0.181
     2      C                  0.038
     3      N                 -0.063
     4      N                  0.001
     5      C                 -0.038
     6      C                 -0.019
     7      C                 -0.181
     8      C                 -0.160
     9      C                 -0.157
    10      C                 -0.158
    11      C                 -0.158
    12      C                 -0.158
    13      C                 -0.158
    14      C                 -0.158
    15      C                 -0.212
    16      H                  0.272
    17      H                  0.271
    18      H                  0.155
    19      H                  0.125
    20      H                  0.121
    21      H                  0.101
    22      H                  0.088
    23      H                  0.095
    24      H                  0.085
    25      H                  0.089
    26      H                  0.085
    27      H                  0.083
    28      H                  0.081
    29      H                  0.083
    30      H                  0.082
    31      H                  0.081
    32      H                  0.080
    33      H                  0.081
    34      H                  0.079
    35      H                  0.079
    36      H                  0.078
    37      H                  0.073
    38      H                  0.074
    39      H                  0.323
 Total Mulliken Charge =       1.000
 
                  X        Y        Z     TOTAL  
  QM DIPOLE   -17.198   22.433  -33.701   43.986
 
 Final Structure

  QMMM: QM Region Cartesian Coordinates (*=link atom) 
  QMMM: QM_NO.   MM_NO.  ATOM         X         Y         Z
  QMMM:     1        1      N       -4.2678    4.4898   -8.2584
  QMMM:     2        2      C       -3.7704    5.1316   -7.1442
  QMMM:     3        3      N       -2.7638    4.3328   -6.6496
  QMMM:     4        4      N       -2.6161    3.2140   -7.3988
  QMMM:     5        5      C       -3.5285    3.2945   -8.3935
  QMMM:     6        6      C       -1.9647    4.6217   -5.4448
  QMMM:     7        7      C       -2.2439    3.6730   -4.2844
  QMMM:     8        8      C       -1.3816    4.0773   -3.1037
  QMMM:     9        9      C       -1.6339    3.1619   -1.9234
  QMMM:    10       10      C       -0.7769    3.5571   -0.7393
  QMMM:    11       11      C       -1.0276    2.6449    0.4427
  QMMM:    12       12      C       -0.1712    3.0380    1.6275
  QMMM:    13       13      C       -0.4216    2.1271    2.8102
  QMMM:    14       14      C        0.4344    2.5184    3.9962
  QMMM:    15       15      C        0.1882    1.6145    5.1764
  QMMM:    16       16      H       -4.1108    6.1010   -6.7385
  QMMM:    17       17      H       -3.6881    2.5532   -9.1962
  QMMM:    18       18      H       -0.8770    4.5517   -5.7430
  QMMM:    19       19      H       -2.2023    5.6834   -5.1511
  QMMM:    20       20      H       -2.0081    2.6159   -4.5786
  QMMM:    21       21      H       -3.3259    3.7135   -3.9924
  QMMM:    22       22      H       -1.6063    5.1371   -2.8115
  QMMM:    23       23      H       -0.2977    4.0296   -3.3902
  QMMM:    24       24      H       -2.7173    3.2061   -1.6353
  QMMM:    25       25      H       -1.4091    2.1015   -2.2134
  QMMM:    26       26      H        0.3070    3.5114   -1.0260
  QMMM:    27       27      H       -0.9992    4.6179   -0.4494
  QMMM:    28       28      H       -2.1111    2.6899    0.7305
  QMMM:    29       29      H       -0.8053    1.5838    0.1537
  QMMM:    30       30      H        0.9126    2.9922    1.3405
  QMMM:    31       31      H       -0.3924    4.0992    1.9167
  QMMM:    32       32      H       -1.5050    2.1726    3.0982
  QMMM:    33       33      H       -0.2003    1.0657    2.5218
  QMMM:    34       34      H        0.2134    3.5807    4.2824
  QMMM:    35       35      H        1.5176    2.4733    3.7064
  QMMM:    36       36      H        0.8287    1.9203    6.0386
  QMMM:    37       37      H       -0.8808    1.6647    5.4961
  QMMM:    38       38      H        0.4269    0.5544    4.9185
  QMMM:    39       39      H       -5.0002    4.8101   -8.8536

           --------- Calculation Completed ----------

