Log file opened on Tue Oct  4 16:35:52 2016
Host: sbrubbles  pid: 4119  rank ID: 0  number of ranks:  1
                   :-) GROMACS - gmx mdrun, VERSION 5.1.4 (-:

                            GROMACS is written by:
     Emile Apol      Rossen Apostolov  Herman J.C. Berendsen    Par Bjelkmar   
 Aldert van Buuren   Rudi van Drunen     Anton Feenstra   Sebastian Fritsch 
  Gerrit Groenhof   Christoph Junghans   Anca Hamuraru    Vincent Hindriksen
 Dimitrios Karkoulis    Peter Kasson        Jiri Kraus      Carsten Kutzner  
    Per Larsson      Justin A. Lemkul   Magnus Lundborg   Pieter Meulenhoff 
   Erik Marklund      Teemu Murtola       Szilard Pall       Sander Pronk   
   Roland Schulz     Alexey Shvetsov     Michael Shirts     Alfons Sijbers  
   Peter Tieleman    Teemu Virolainen  Christian Wennberg    Maarten Wolf   
                           and the project leaders:
        Mark Abraham, Berk Hess, Erik Lindahl, and David van der Spoel

Copyright (c) 1991-2000, University of Groningen, The Netherlands.
Copyright (c) 2001-2015, The GROMACS development team at
Uppsala University, Stockholm University and
the Royal Institute of Technology, Sweden.
check out http://www.gromacs.org for more information.

GROMACS is free software; you can redistribute it and/or modify it
under the terms of the GNU Lesser General Public License
as published by the Free Software Foundation; either version 2.1
of the License, or (at your option) any later version.

GROMACS:      gmx mdrun, VERSION 5.1.4
Executable:   /usr/local/gromacs/bin/gmx
Data prefix:  /usr/local/gromacs
Command line:
  gmx mdrun -v -deffnm apagar

GROMACS version:    VERSION 5.1.4
Precision:          single
Memory model:       64 bit
MPI library:        thread_mpi
OpenMP support:     disabled
GPU support:        disabled
OpenCL support:     disabled
invsqrt routine:    gmx_software_invsqrt(x)
SIMD instructions:  AVX2_256
FFT library:        fftw-3.3.4-sse2
RDTSCP usage:       enabled
C++11 compilation:  enabled
TNG support:        enabled
Tracing support:    disabled
Built on:           Wed Sep 14 15:55:04 BRT 2016
Built by:           dgomes@sbrubbles [CMAKE]
Build OS/arch:      Darwin 15.6.0 x86_64
Build CPU vendor:   GenuineIntel
Build CPU brand:    Intel(R) Core(TM) i5-4278U CPU @ 2.60GHz
Build CPU family:   6   Model: 69   Stepping: 1
Build CPU features: aes apic avx avx2 clfsh cmov cx8 cx16 f16c fma htt lahf_lm mmx msr nonstop_tsc pcid pclmuldq pdcm pdpe1gb popcnt pse rdrnd rdtscp sse2 sse3 sse4.1 sse4.2 ssse3 tdt x2apic
C compiler:         /Applications/Xcode.app/Contents/Developer/Toolchains/XcodeDefault.xctoolchain/usr/bin/cc Clang 7.0.2.7000181
C compiler flags:    -march=core-avx2    -Wall -Wno-unused -Wunused-value -Wunused-parameter -Wno-unknown-pragmas  -O3 -DNDEBUG  
C++ compiler:       /Applications/Xcode.app/Contents/Developer/Toolchains/XcodeDefault.xctoolchain/usr/bin/c++ Clang 7.0.2.7000181
C++ compiler flags:  -march=core-avx2   -std=c++0x  -Wextra -Wno-missing-field-initializers -Wpointer-arith -Wall -Wno-unused-function -Wno-unknown-pragmas  -O3 -DNDEBUG  
Boost version:      1.59.0 (external)


Running on 1 node with total 4 logical cores
Hardware detected:
  CPU info:
    Vendor: GenuineIntel
    Brand:  Intel(R) Core(TM) i5-4278U CPU @ 2.60GHz
    Family:  6  model: 69  stepping:  1
    CPU features: aes apic avx avx2 clfsh cmov cx8 cx16 f16c fma htt lahf_lm mmx msr nonstop_tsc pcid pclmuldq pdcm pdpe1gb popcnt pse rdrnd rdtscp sse2 sse3 sse4.1 sse4.2 ssse3 tdt x2apic
    SIMD instructions most likely to fit this hardware: AVX2_256
    SIMD instructions selected at GROMACS compile time: AVX2_256


++++ PLEASE READ AND CITE THE FOLLOWING REFERENCE ++++
M. J. Abraham, T. Murtola, R. Schulz, S. Páll, J. C. Smith, B. Hess, E.
Lindahl
GROMACS: High performance molecular simulations through multi-level
parallelism from laptops to supercomputers
SoftwareX 1 (2015) pp. 19-25
-------- -------- --- Thank You --- -------- --------


++++ PLEASE READ AND CITE THE FOLLOWING REFERENCE ++++
S. Páll, M. J. Abraham, C. Kutzner, B. Hess, E. Lindahl
Tackling Exascale Software Challenges in Molecular Dynamics Simulations with
GROMACS
In S. Markidis & E. Laure (Eds.), Solving Software Challenges for Exascale 8759 (2015) pp. 3-27
-------- -------- --- Thank You --- -------- --------


++++ PLEASE READ AND CITE THE FOLLOWING REFERENCE ++++
S. Pronk, S. Páll, R. Schulz, P. Larsson, P. Bjelkmar, R. Apostolov, M. R.
Shirts, J. C. Smith, P. M. Kasson, D. van der Spoel, B. Hess, and E. Lindahl
GROMACS 4.5: a high-throughput and highly parallel open source molecular
simulation toolkit
Bioinformatics 29 (2013) pp. 845-54
-------- -------- --- Thank You --- -------- --------


++++ PLEASE READ AND CITE THE FOLLOWING REFERENCE ++++
B. Hess and C. Kutzner and D. van der Spoel and E. Lindahl
GROMACS 4: Algorithms for highly efficient, load-balanced, and scalable
molecular simulation
J. Chem. Theory Comput. 4 (2008) pp. 435-447
-------- -------- --- Thank You --- -------- --------


++++ PLEASE READ AND CITE THE FOLLOWING REFERENCE ++++
D. van der Spoel, E. Lindahl, B. Hess, G. Groenhof, A. E. Mark and H. J. C.
Berendsen
GROMACS: Fast, Flexible and Free
J. Comp. Chem. 26 (2005) pp. 1701-1719
-------- -------- --- Thank You --- -------- --------


++++ PLEASE READ AND CITE THE FOLLOWING REFERENCE ++++
E. Lindahl and B. Hess and D. van der Spoel
GROMACS 3.0: A package for molecular simulation and trajectory analysis
J. Mol. Mod. 7 (2001) pp. 306-317
-------- -------- --- Thank You --- -------- --------


++++ PLEASE READ AND CITE THE FOLLOWING REFERENCE ++++
H. J. C. Berendsen, D. van der Spoel and R. van Drunen
GROMACS: A message-passing parallel molecular dynamics implementation
Comp. Phys. Comm. 91 (1995) pp. 43-56
-------- -------- --- Thank You --- -------- --------

Changing nstlist from 20 to 25, rlist from 1.22 to 1.236

Input Parameters:
   integrator                     = md
   tinit                          = 0
   dt                             = 0.002
   nsteps                         = 1000000
   init-step                      = 0
   simulation-part                = 1
   comm-mode                      = Linear
   nstcomm                        = 100
   bd-fric                        = 0
   ld-seed                        = 2357990199
   emtol                          = 10
   emstep                         = 0.01
   niter                          = 20
   fcstep                         = 0
   nstcgsteep                     = 1000
   nbfgscorr                      = 10
   rtpi                           = 0.05
   nstxout                        = 5000
   nstvout                        = 5000
   nstfout                        = 5000
   nstlog                         = 1000
   nstcalcenergy                  = 100
   nstenergy                      = 1000
   nstxout-compressed             = 1000
   compressed-x-precision         = 1000
   cutoff-scheme                  = Verlet
   nstlist                        = 25
   ns-type                        = Grid
   pbc                            = xyz
   periodic-molecules             = FALSE
   verlet-buffer-tolerance        = 0.005
   rlist                          = 1.236
   rlistlong                      = 1.236
   nstcalclr                      = 20
   coulombtype                    = PME
   coulomb-modifier               = Potential-shift
   rcoulomb-switch                = 0
   rcoulomb                       = 1.2
   epsilon-r                      = 1
   epsilon-rf                     = inf
   vdw-type                       = Cut-off
   vdw-modifier                   = Force-switch
   rvdw-switch                    = 1
   rvdw                           = 1.2
   DispCorr                       = No
   table-extension                = 1
   fourierspacing                 = 0.12
   fourier-nx                     = 72
   fourier-ny                     = 52
   fourier-nz                     = 52
   pme-order                      = 4
   ewald-rtol                     = 1e-05
   ewald-rtol-lj                  = 0.001
   lj-pme-comb-rule               = Geometric
   ewald-geometry                 = 0
   epsilon-surface                = 0
   implicit-solvent               = No
   gb-algorithm                   = Still
   nstgbradii                     = 1
   rgbradii                       = 1
   gb-epsilon-solvent             = 80
   gb-saltconc                    = 0
   gb-obc-alpha                   = 1
   gb-obc-beta                    = 0.8
   gb-obc-gamma                   = 4.85
   gb-dielectric-offset           = 0.009
   sa-algorithm                   = Ace-approximation
   sa-surface-tension             = 2.05016
   tcoupl                         = Nose-Hoover
   nsttcouple                     = 20
   nh-chain-length                = 1
   print-nose-hoover-chain-variables = FALSE
   pcoupl                         = Parrinello-Rahman
   pcoupltype                     = Isotropic
   nstpcouple                     = 20
   tau-p                          = 5
   compressibility (3x3):
      compressibility[    0]={ 4.50000e-05,  0.00000e+00,  0.00000e+00}
      compressibility[    1]={ 0.00000e+00,  4.50000e-05,  0.00000e+00}
      compressibility[    2]={ 0.00000e+00,  0.00000e+00,  4.50000e-05}
   ref-p (3x3):
      ref-p[    0]={ 1.00000e+00,  0.00000e+00,  0.00000e+00}
      ref-p[    1]={ 0.00000e+00,  1.00000e+00,  0.00000e+00}
      ref-p[    2]={ 0.00000e+00,  0.00000e+00,  1.00000e+00}
   refcoord-scaling               = COM
   posres-com (3):
      posres-com[0]= 0.00000e+00
      posres-com[1]= 0.00000e+00
      posres-com[2]= 0.00000e+00
   posres-comB (3):
      posres-comB[0]= 0.00000e+00
      posres-comB[1]= 0.00000e+00
      posres-comB[2]= 0.00000e+00
   QMMM                           = FALSE
   QMconstraints                  = 0
   QMMMscheme                     = 0
   MMChargeScaleFactor            = 1
qm-opts:
   ngQM                           = 0
   constraint-algorithm           = Lincs
   continuation                   = TRUE
   Shake-SOR                      = FALSE
   shake-tol                      = 0.0001
   lincs-order                    = 4
   lincs-iter                     = 1
   lincs-warnangle                = 30
   nwall                          = 0
   wall-type                      = 9-3
   wall-r-linpot                  = -1
   wall-atomtype[0]               = -1
   wall-atomtype[1]               = -1
   wall-density[0]                = 0
   wall-density[1]                = 0
   wall-ewald-zfac                = 3
   pull                           = FALSE
   rotation                       = FALSE
   interactiveMD                  = FALSE
   disre                          = No
   disre-weighting                = Conservative
   disre-mixed                    = FALSE
   dr-fc                          = 1000
   dr-tau                         = 0
   nstdisreout                    = 100
   orire-fc                       = 0
   orire-tau                      = 0
   nstorireout                    = 100
   free-energy                    = no
   cos-acceleration               = 0
   deform (3x3):
      deform[    0]={ 0.00000e+00,  0.00000e+00,  0.00000e+00}
      deform[    1]={ 0.00000e+00,  0.00000e+00,  0.00000e+00}
      deform[    2]={ 0.00000e+00,  0.00000e+00,  0.00000e+00}
   simulated-tempering            = FALSE
   E-x:
      n = 0
   E-xt:
      n = 0
   E-y:
      n = 0
   E-yt:
      n = 0
   E-z:
      n = 0
   E-zt:
      n = 0
   swapcoords                     = no
   adress                         = FALSE
   userint1                       = 0
   userint2                       = 0
   userint3                       = 0
   userint4                       = 0
   userreal1                      = 0
   userreal2                      = 0
   userreal3                      = 0
   userreal4                      = 0
grpopts:
   nrdf:        7979       48747
   ref-t:      303.15      303.15
   tau-t:           1           1
annealing:          No          No
annealing-npoints:           0           0
   acc:	           0           0           0
   nfreeze:           N           N           N
   energygrp-flags[  0]: 0


Initializing Domain Decomposition on 4 ranks
Dynamic load balancing: auto
Will sort the charge groups at every domain (re)decomposition
Initial maximum inter charge-group distances:
    two-body bonded interactions: 0.430 nm, LJ-14, atoms 2121 2129
  multi-body bonded interactions: 0.430 nm, Proper Dih., atoms 2121 2129
Minimum cell size due to bonded interactions: 0.473 nm
Maximum distance for 5 constraints, at 120 deg. angles, all-trans: 0.219 nm
Estimated maximum distance required for P-LINCS: 0.219 nm
Using 0 separate PME ranks, as there are too few total
 ranks for efficient splitting
Scaling the initial minimum size with 1/0.8 (option -dds) = 1.25
Optimizing the DD grid for 4 cells with a minimum initial size of 0.592 nm
The maximum allowed number of cells is: X 13 Y 9 Z 10
Domain decomposition grid 4 x 1 x 1, separate PME ranks 0
PME domain decomposition: 4 x 1 x 1
Domain decomposition rank 0, coordinates 0 0 0

Using 4 MPI threads
Will do PME sum in reciprocal space for electrostatic interactions.

++++ PLEASE READ AND CITE THE FOLLOWING REFERENCE ++++
U. Essmann, L. Perera, M. L. Berkowitz, T. Darden, H. Lee and L. G. Pedersen 
A smooth particle mesh Ewald method
J. Chem. Phys. 103 (1995) pp. 8577-8592
-------- -------- --- Thank You --- -------- --------

Will do ordinary reciprocal space Ewald sum.
Using a Gaussian width (1/beta) of 0.384195 nm for Ewald
Cut-off's:   NS: 1.236   Coulomb: 1.2   LJ: 1.2
System total charge: -0.000
Generated table with 1118 data points for Ewald.
Tabscale = 500 points/nm
Generated table with 1118 data points for LJ6Shift.
Tabscale = 500 points/nm
Generated table with 1118 data points for LJ12Shift.
Tabscale = 500 points/nm
Generated table with 1118 data points for 1-4 COUL.
Tabscale = 500 points/nm
Generated table with 1118 data points for 1-4 LJ6.
Tabscale = 500 points/nm
Generated table with 1118 data points for 1-4 LJ12.
Tabscale = 500 points/nm
Potential shift: LJ r^-12: -2.648e-01 r^-6: -5.349e-01, Ewald -1.000e-05
Initialized non-bonded Ewald correction tables, spacing: 1.02e-03 size: 1176


Using AVX2_256 4x8 non-bonded kernels


Initializing Parallel LINear Constraint Solver

++++ PLEASE READ AND CITE THE FOLLOWING REFERENCE ++++
B. Hess
P-LINCS: A Parallel Linear Constraint Solver for molecular simulation
J. Chem. Theory Comput. 4 (2008) pp. 116-122
-------- -------- --- Thank You --- -------- --------

The number of constraints is 1657
There are inter charge-group constraints,
will communicate selected coordinates each lincs iteration

++++ PLEASE READ AND CITE THE FOLLOWING REFERENCE ++++
S. Miyamoto and P. A. Kollman
SETTLE: An Analytical Version of the SHAKE and RATTLE Algorithms for Rigid
Water Models
J. Comp. Chem. 13 (1992) pp. 952-962
-------- -------- --- Thank You --- -------- --------


Linking all bonded interactions to atoms

The initial number of communication pulses is: X 1
The initial domain decomposition cell size is: X 2.00 nm

The maximum allowed distance for charge groups involved in interactions is:
                 non-bonded interactions           1.236 nm
(the following are initial values, they could change due to box deformation)
            two-body bonded interactions  (-rdd)   1.236 nm
          multi-body bonded interactions  (-rdd)   1.236 nm
  atoms separated by up to 5 constraints  (-rcon)  2.005 nm

When dynamic load balancing gets turned on, these settings will change to:
The maximum number of communication pulses is: X 1
The minimum size for domain decomposition cells is 1.236 nm
The requested allowed shrink of DD cells (option -dds) is: 0.80
The allowed shrink of domain decomposition cells is: X 0.62
The maximum allowed distance for charge groups involved in interactions is:
                 non-bonded interactions           1.236 nm
            two-body bonded interactions  (-rdd)   1.236 nm
          multi-body bonded interactions  (-rdd)   1.236 nm
  atoms separated by up to 5 constraints  (-rcon)  1.236 nm


Making 1D domain decomposition grid 4 x 1 x 1, home cell index 0 0 0

Center of mass motion removal mode is Linear
We have the following groups for center of mass motion removal:
  0:  solute
  1:  solvent
There are: 27561 Atoms
Atom distribution over 4 domains: av 6890 stddev 85 min 6813 max 6962
Initial temperature: 304.038 K

Started mdrun on rank 0 Tue Oct  4 16:35:53 2016
           Step           Time         Lambda
              0        0.00000        0.00000

   Energies (kJ/mol)
           Bond          Angle    Proper Dih. Ryckaert-Bell.  Improper Dih.
    2.36797e+03    6.46993e+03    7.64347e+03    1.60147e+02    3.16125e+02
          LJ-14     Coulomb-14        LJ (SR)   Coulomb (SR)   Coul. recip.
    2.99350e+03    3.51827e+04    4.49021e+04   -4.62205e+05    1.52179e+03
      Potential    Kinetic En.   Total Energy    Temperature Pressure (bar)
   -3.60647e+05    7.24685e+04   -2.88178e+05    3.07300e+02    8.13734e+02
   Constr. rmsd
    3.62697e-06

DD  step 24 load imb.: force  2.3%

DD  step 999 load imb.: force  3.6%

           Step           Time         Lambda
           1000        2.00000        0.00000

   Energies (kJ/mol)
           Bond          Angle    Proper Dih. Ryckaert-Bell.  Improper Dih.
    2.50327e+03    6.47412e+03    7.65417e+03    1.68681e+02    3.44930e+02
          LJ-14     Coulomb-14        LJ (SR)   Coulomb (SR)   Coul. recip.
    2.90649e+03    3.51202e+04    4.31654e+04   -4.60572e+05    1.50849e+03
      Potential    Kinetic En.   Total Energy    Temperature Pressure (bar)
   -3.60727e+05    7.15289e+04   -2.89198e+05    3.03316e+02   -2.49866e+02
   Constr. rmsd
    3.00661e-06



Received the INT signal, stopping at the next NS step

           Step           Time         Lambda
           1250        2.50000        0.00000

Writing checkpoint, step 1250 at Tue Oct  4 16:36:32 2016


   Energies (kJ/mol)
           Bond          Angle    Proper Dih. Ryckaert-Bell.  Improper Dih.
    2.44032e+03    6.54241e+03    7.62884e+03    1.45883e+02    3.38388e+02
          LJ-14     Coulomb-14        LJ (SR)   Coulomb (SR)   Coul. recip.
    2.93788e+03    3.50958e+04    4.29194e+04   -4.61226e+05    1.51273e+03
      Potential    Kinetic En.   Total Energy    Temperature Pressure (bar)
   -3.61664e+05    7.13979e+04   -2.90266e+05    3.02760e+02   -2.49092e+02
   Constr. rmsd
    0.00000e+00

	<======  ###############  ==>
	<====  A V E R A G E S  ====>
	<==  ###############  ======>

	Statistics over 1251 steps using 13 frames

   Energies (kJ/mol)
           Bond          Angle    Proper Dih. Ryckaert-Bell.  Improper Dih.
    2.40186e+03    6.56054e+03    7.65579e+03    1.62330e+02    3.49264e+02
          LJ-14     Coulomb-14        LJ (SR)   Coulomb (SR)   Coul. recip.
    2.92657e+03    3.51379e+04    4.39870e+04   -4.61380e+05    1.51100e+03
      Potential    Kinetic En.   Total Energy    Temperature Pressure (bar)
   -3.60688e+05    7.14210e+04   -2.89267e+05    3.02858e+02    4.57724e+01
   Constr. rmsd
    0.00000e+00

          Box-X          Box-Y          Box-Z
    8.01595e+00    5.83179e+00    5.97212e+00

   Total Virial (kJ/mol)
    2.32934e+04   -2.82535e+02    4.14874e+02
   -2.86310e+02    2.42429e+04   -9.03111e+00
    4.14794e+02   -8.59203e+00    2.27319e+04

   Pressure (bar)
    6.93630e+01    2.40490e+01   -5.53560e+01
    2.44989e+01   -5.08336e+01    1.97221e+00
   -5.53463e+01    1.91949e+00    1.18788e+02

       T-solute      T-solvent
    3.03817e+02    3.02701e+02


	M E G A - F L O P S   A C C O U N T I N G

 NB=Group-cutoff nonbonded kernels    NxN=N-by-N cluster Verlet kernels
 RF=Reaction-Field  VdW=Van der Waals  QSTab=quadratic-spline table
 W3=SPC/TIP3p  W4=TIP4p (single or pairs)
 V&F=Potential and force  V=Potential only  F=Force only

 Computing:                               M-Number         M-Flops  % Flops
-----------------------------------------------------------------------------
 Pair Search distance check             725.292054        6527.628     0.3
 NxN Ewald Elec. + LJ [F]             14949.098320     1166029.669    58.5
 NxN Ewald Elec. + LJ [V&F]             169.147712       21820.055     1.1
 NxN Ewald Elec. [F]                  11308.138576      689796.453    34.6
 NxN Ewald Elec. [V&F]                  127.978624       10750.204     0.5
 1,4 nonbonded interactions              10.692297         962.307     0.0
 Calc Weights                           103.436433        3723.712     0.2
 Spread Q Bspline                      2206.643904        4413.288     0.2
 Gather F Bspline                      2206.643904       13239.863     0.7
 3D-FFT                                8558.901648       68471.213     3.4
 Solve PME                                4.683744         299.760     0.0
 Reset In Box                             1.378050           4.134     0.0
 CG-CoM                                   1.405611           4.217     0.0
 Bonds                                    1.982835         116.987     0.0
 Angles                                   7.423434        1247.137     0.1
 Propers                                 11.314044        2590.916     0.1
 Impropers                                0.688050         143.114     0.0
 RB-Dihedrals                             0.287730          71.069     0.0
 Virial                                   1.775424          31.958     0.0
 Stop-CM                                  0.358293           3.583     0.0
 Calc-Ekin                               13.835622         373.562     0.0
 Lincs                                    2.211121         132.667     0.0
 Lincs-Mat                               13.070700          52.283     0.0
 Constraint-V                            36.069482         288.556     0.0
 Constraint-Vir                           1.732066          41.570     0.0
 Settle                                  10.549080        3407.353     0.2
-----------------------------------------------------------------------------
 Total                                                 1994543.258   100.0
-----------------------------------------------------------------------------


    D O M A I N   D E C O M P O S I T I O N   S T A T I S T I C S

 av. #atoms communicated per step for force:  2 x 16959.9
 av. #atoms communicated per step for LINCS:  2 x 1173.0

 Average load imbalance: 4.9 %
 Part of the total run time spent waiting due to load imbalance: 3.3 %


     R E A L   C Y C L E   A N D   T I M E   A C C O U N T I N G

On 4 MPI ranks

 Computing:          Num   Num      Call    Wall time         Giga-Cycles
                     Ranks Threads  Count      (s)         total sum    %
-----------------------------------------------------------------------------
 Domain decomp.         4    1         50       0.214          2.221   0.6
 DD comm. load          4    1         14       0.000          0.004   0.0
 Neighbor search        4    1         51       0.795          8.271   2.0
 Comm. coord.           4    1       1200       0.270          2.808   0.7
 Force                  4    1       1251      27.705        288.125  71.4
 Wait + Comm. F         4    1       1251       0.102          1.066   0.3
 PME mesh               4    1       1251       7.733         80.420  19.9
 NB X/F buffer ops.     4    1       3651       0.138          1.434   0.4
 Write traj.            4    1          3       0.017          0.179   0.0
 Update                 4    1       1251       0.828          8.612   2.1
 Constraints            4    1       1251       0.875          9.101   2.3
 Comm. energies         4    1        251       0.037          0.383   0.1
 Rest                                           0.089          0.921   0.2
-----------------------------------------------------------------------------
 Total                                         38.803        403.544 100.0
-----------------------------------------------------------------------------
 Breakdown of PME mesh computation
-----------------------------------------------------------------------------
 PME redist. X/F        4    1       2502       3.392         35.271   8.7
 PME spread/gather      4    1       2502       2.231         23.199   5.7
 PME 3D-FFT             4    1       2502       1.633         16.986   4.2
 PME 3D-FFT Comm.       4    1       2502       0.253          2.628   0.7
 PME solve Elec         4    1       1251       0.222          2.304   0.6
-----------------------------------------------------------------------------

               Core t (s)   Wall t (s)        (%)
       Time:      155.212       38.803      400.0
                 (ns/day)    (hour/ns)
Performance:        5.571        4.308
Finished mdrun on rank 0 Tue Oct  4 16:36:32 2016
