                      :-) GROMACS - gmx mdrun, 2019.3 (-:

                            GROMACS is written by:
     Emile Apol      Rossen Apostolov      Paul Bauer     Herman J.C. Berendsen
    Par Bjelkmar      Christian Blau   Viacheslav Bolnykh     Kevin Boyd    
 Aldert van Buuren   Rudi van Drunen     Anton Feenstra       Alan Gray     
  Gerrit Groenhof     Anca Hamuraru    Vincent Hindriksen  M. Eric Irrgang  
  Aleksei Iupinov   Christoph Junghans     Joe Jordan     Dimitrios Karkoulis
    Peter Kasson        Jiri Kraus      Carsten Kutzner      Per Larsson    
  Justin A. Lemkul    Viveca Lindahl    Magnus Lundborg     Erik Marklund   
    Pascal Merz     Pieter Meulenhoff    Teemu Murtola       Szilard Pall   
    Sander Pronk      Roland Schulz      Michael Shirts    Alexey Shvetsov  
   Alfons Sijbers     Peter Tieleman      Jon Vincent      Teemu Virolainen 
 Christian Wennberg    Maarten Wolf   
                           and the project leaders:
        Mark Abraham, Berk Hess, Erik Lindahl, and David van der Spoel

Copyright (c) 1991-2000, University of Groningen, The Netherlands.
Copyright (c) 2001-2018, The GROMACS development team at
Uppsala University, Stockholm University and
the Royal Institute of Technology, Sweden.
check out http://www.gromacs.org for more information.

GROMACS is free software; you can redistribute it and/or modify it
under the terms of the GNU Lesser General Public License
as published by the Free Software Foundation; either version 2.1
of the License, or (at your option) any later version.

GROMACS:      gmx mdrun, version 2019.3
Executable:   /home/dgomes/software/gmx2019.3/bin/gmx
Data prefix:  /home/dgomes/software/gmx2019.3
Working dir:  /home/dgomes/water_md/spc
Process ID:   17286
Command line:
  gmx mdrun -deffnm eql

GROMACS version:    2019.3
Precision:          single
Memory model:       64 bit
MPI library:        thread_mpi
OpenMP support:     enabled (GMX_OPENMP_MAX_THREADS = 64)
GPU support:        disabled
SIMD instructions:  SSE4.1
FFT library:        fftw-3.3.8-sse2
RDTSCP usage:       disabled
TNG support:        enabled
Hwloc support:      disabled
Tracing support:    disabled
C compiler:         /usr/bin/cc GNU 4.8.5
C compiler flags:    -msse4.1     -O3 -DNDEBUG -funroll-all-loops -fexcess-precision=fast  
C++ compiler:       /usr/bin/c++ GNU 4.8.5
C++ compiler flags:  -msse4.1    -std=c++11   -O3 -DNDEBUG -funroll-all-loops -fexcess-precision=fast  


Running on 1 node with total 8 cores, 8 logical cores
Hardware detected:
  CPU info:
    Vendor: Intel
    Brand:  Intel(R) Xeon(R) CPU           E5420  @ 2.50GHz
    Family: 6   Model: 23   Stepping: 10
    Features: apic clfsh cmov cx8 cx16 intel lahf mmx msr pdcm pse sse2 sse3 sse4.1 ssse3
  Hardware topology: Only logical processor count


++++ PLEASE READ AND CITE THE FOLLOWING REFERENCE ++++
M. J. Abraham, T. Murtola, R. Schulz, S. Páll, J. C. Smith, B. Hess, E.
Lindahl
GROMACS: High performance molecular simulations through multi-level
parallelism from laptops to supercomputers
SoftwareX 1 (2015) pp. 19-25
-------- -------- --- Thank You --- -------- --------


++++ PLEASE READ AND CITE THE FOLLOWING REFERENCE ++++
S. Páll, M. J. Abraham, C. Kutzner, B. Hess, E. Lindahl
Tackling Exascale Software Challenges in Molecular Dynamics Simulations with
GROMACS
In S. Markidis & E. Laure (Eds.), Solving Software Challenges for Exascale 8759 (2015) pp. 3-27
-------- -------- --- Thank You --- -------- --------


++++ PLEASE READ AND CITE THE FOLLOWING REFERENCE ++++
S. Pronk, S. Páll, R. Schulz, P. Larsson, P. Bjelkmar, R. Apostolov, M. R.
Shirts, J. C. Smith, P. M. Kasson, D. van der Spoel, B. Hess, and E. Lindahl
GROMACS 4.5: a high-throughput and highly parallel open source molecular
simulation toolkit
Bioinformatics 29 (2013) pp. 845-54
-------- -------- --- Thank You --- -------- --------


++++ PLEASE READ AND CITE THE FOLLOWING REFERENCE ++++
B. Hess and C. Kutzner and D. van der Spoel and E. Lindahl
GROMACS 4: Algorithms for highly efficient, load-balanced, and scalable
molecular simulation
J. Chem. Theory Comput. 4 (2008) pp. 435-447
-------- -------- --- Thank You --- -------- --------


++++ PLEASE READ AND CITE THE FOLLOWING REFERENCE ++++
D. van der Spoel, E. Lindahl, B. Hess, G. Groenhof, A. E. Mark and H. J. C.
Berendsen
GROMACS: Fast, Flexible and Free
J. Comp. Chem. 26 (2005) pp. 1701-1719
-------- -------- --- Thank You --- -------- --------


++++ PLEASE READ AND CITE THE FOLLOWING REFERENCE ++++
E. Lindahl and B. Hess and D. van der Spoel
GROMACS 3.0: A package for molecular simulation and trajectory analysis
J. Mol. Mod. 7 (2001) pp. 306-317
-------- -------- --- Thank You --- -------- --------


++++ PLEASE READ AND CITE THE FOLLOWING REFERENCE ++++
H. J. C. Berendsen, D. van der Spoel and R. van Drunen
GROMACS: A message-passing parallel molecular dynamics implementation
Comp. Phys. Comm. 91 (1995) pp. 43-56
-------- -------- --- Thank You --- -------- --------


++++ PLEASE CITE THE DOI FOR THIS VERSION OF GROMACS ++++
https://doi.org/10.5281/zenodo.3243833
-------- -------- --- Thank You --- -------- --------

Input Parameters:
   integrator                     = md
   tinit                          = 0
   dt                             = 0.002
   nsteps                         = 50000
   init-step                      = 0
   simulation-part                = 1
   comm-mode                      = Linear
   nstcomm                        = 100
   bd-fric                        = 0
   ld-seed                        = -430397350
   emtol                          = 10
   emstep                         = 0.01
   niter                          = 20
   fcstep                         = 0
   nstcgsteep                     = 1000
   nbfgscorr                      = 10
   rtpi                           = 0.05
   nstxout                        = 0
   nstvout                        = 0
   nstfout                        = 0
   nstlog                         = 2000
   nstcalcenergy                  = 100
   nstenergy                      = 200
   nstxout-compressed             = 10000
   compressed-x-precision         = 1000
   cutoff-scheme                  = Verlet
   nstlist                        = 10
   ns-type                        = Grid
   pbc                            = xyz
   periodic-molecules             = false
   verlet-buffer-tolerance        = 0.005
   rlist                          = 1
   coulombtype                    = PME
   coulomb-modifier               = Potential-shift
   rcoulomb-switch                = 0
   rcoulomb                       = 1
   epsilon-r                      = 1
   epsilon-rf                     = inf
   vdw-type                       = Cut-off
   vdw-modifier                   = Potential-shift
   rvdw-switch                    = 0
   rvdw                           = 1
   DispCorr                       = EnerPres
   table-extension                = 1
   fourierspacing                 = 0.12
   fourier-nx                     = 25
   fourier-ny                     = 25
   fourier-nz                     = 25
   pme-order                      = 4
   ewald-rtol                     = 1e-05
   ewald-rtol-lj                  = 0.001
   lj-pme-comb-rule               = Geometric
   ewald-geometry                 = 0
   epsilon-surface                = 0
   tcoupl                         = Nose-Hoover
   nsttcouple                     = 10
   nh-chain-length                = 1
   print-nose-hoover-chain-variables = false
   pcoupl                         = No
   pcoupltype                     = Isotropic
   nstpcouple                     = -1
   tau-p                          = 1
   compressibility (3x3):
      compressibility[    0]={ 0.00000e+00,  0.00000e+00,  0.00000e+00}
      compressibility[    1]={ 0.00000e+00,  0.00000e+00,  0.00000e+00}
      compressibility[    2]={ 0.00000e+00,  0.00000e+00,  0.00000e+00}
   ref-p (3x3):
      ref-p[    0]={ 0.00000e+00,  0.00000e+00,  0.00000e+00}
      ref-p[    1]={ 0.00000e+00,  0.00000e+00,  0.00000e+00}
      ref-p[    2]={ 0.00000e+00,  0.00000e+00,  0.00000e+00}
   refcoord-scaling               = No
   posres-com (3):
      posres-com[0]= 0.00000e+00
      posres-com[1]= 0.00000e+00
      posres-com[2]= 0.00000e+00
   posres-comB (3):
      posres-comB[0]= 0.00000e+00
      posres-comB[1]= 0.00000e+00
      posres-comB[2]= 0.00000e+00
   QMMM                           = false
   QMconstraints                  = 0
   QMMMscheme                     = 0
   MMChargeScaleFactor            = 1
qm-opts:
   ngQM                           = 0
   constraint-algorithm           = Lincs
   continuation                   = false
   Shake-SOR                      = false
   shake-tol                      = 0.0001
   lincs-order                    = 4
   lincs-iter                     = 1
   lincs-warnangle                = 30
   nwall                          = 0
   wall-type                      = 9-3
   wall-r-linpot                  = -1
   wall-atomtype[0]               = -1
   wall-atomtype[1]               = -1
   wall-density[0]                = 0
   wall-density[1]                = 0
   wall-ewald-zfac                = 3
   pull                           = false
   awh                            = false
   rotation                       = false
   interactiveMD                  = false
   disre                          = No
   disre-weighting                = Conservative
   disre-mixed                    = false
   dr-fc                          = 1000
   dr-tau                         = 0
   nstdisreout                    = 100
   orire-fc                       = 0
   orire-tau                      = 0
   nstorireout                    = 100
   free-energy                    = no
   cos-acceleration               = 0
   deform (3x3):
      deform[    0]={ 0.00000e+00,  0.00000e+00,  0.00000e+00}
      deform[    1]={ 0.00000e+00,  0.00000e+00,  0.00000e+00}
      deform[    2]={ 0.00000e+00,  0.00000e+00,  0.00000e+00}
   simulated-tempering            = false
   swapcoords                     = no
   userint1                       = 0
   userint2                       = 0
   userint3                       = 0
   userint4                       = 0
   userreal1                      = 0
   userreal2                      = 0
   userreal3                      = 0
   userreal4                      = 0
   applied-forces:
     electric-field:
       x:
         E0                       = 0
         omega                    = 0
         t0                       = 0
         sigma                    = 0
       y:
         E0                       = 0
         omega                    = 0
         t0                       = 0
         sigma                    = 0
       z:
         E0                       = 0
         omega                    = 0
         t0                       = 0
         sigma                    = 0
grpopts:
   nrdf:        5301
   ref-t:      298.15
   tau-t:           2
annealing:          No
annealing-npoints:           0
   acc:	           0           0           0
   nfreeze:           N           N           N
   energygrp-flags[  0]: 0

Changing nstlist from 10 to 50, rlist from 1 to 1.115

Using 1 MPI thread
Using 8 OpenMP threads 

Pinning threads with an auto-selected logical core stride of 1
System total charge: 0.000
Will do PME sum in reciprocal space for electrostatic interactions.

++++ PLEASE READ AND CITE THE FOLLOWING REFERENCE ++++
U. Essmann, L. Perera, M. L. Berkowitz, T. Darden, H. Lee and L. G. Pedersen 
A smooth particle mesh Ewald method
J. Chem. Phys. 103 (1995) pp. 8577-8592
-------- -------- --- Thank You --- -------- --------

Using a Gaussian width (1/beta) of 0.320163 nm for Ewald
Potential shift: LJ r^-12: -1.000e+00 r^-6: -1.000e+00, Ewald -1.000e-05
Initialized non-bonded Ewald correction tables, spacing: 9.33e-04 size: 1073

Long Range LJ corr.: <C6> 2.9078e-04
Generated table with 1057 data points for Ewald.
Tabscale = 500 points/nm
Generated table with 1057 data points for LJ6.
Tabscale = 500 points/nm
Generated table with 1057 data points for LJ12.
Tabscale = 500 points/nm

Using SIMD 4x4 nonbonded short-range kernels

Using a dual 4x4 pair-list setup updated with dynamic pruning:
  outer list: updated every 50 steps, buffer 0.115 nm, rlist 1.115 nm
  inner list: updated every 12 steps, buffer 0.002 nm, rlist 1.002 nm
At tolerance 0.005 kJ/mol/ps per atom, equivalent classical 1x1 list would be:
  outer list: updated every 50 steps, buffer 0.243 nm, rlist 1.243 nm
  inner list: updated every 12 steps, buffer 0.047 nm, rlist 1.047 nm

Using geometric Lennard-Jones combination rule

Removing pbc first time

++++ PLEASE READ AND CITE THE FOLLOWING REFERENCE ++++
S. Miyamoto and P. A. Kollman
SETTLE: An Analytical Version of the SHAKE and RATTLE Algorithms for Rigid
Water Models
J. Comp. Chem. 13 (1992) pp. 952-962
-------- -------- --- Thank You --- -------- --------

Center of mass motion removal mode is Linear
We have the following groups for center of mass motion removal:
  0:  rest
There are: 2652 Atoms

Constraining the starting coordinates (step 0)

Constraining the coordinates at t0-dt (step 0)
RMS relative constraint deviation after constraining: 0.00e+00
Initial temperature: 298.193 K

Started mdrun on rank 0 Thu Jul 18 00:07:45 2019

           Step           Time
              0        0.00000

   Energies (kJ/mol)
        LJ (SR)  Disper. corr.   Coulomb (SR)   Coul. recip.      Potential
    9.04668e+03   -3.16895e+02   -5.43944e+04    9.72698e+01   -4.55673e+04
    Kinetic En.   Total Energy  Conserved En.    Temperature Pres. DC (bar)
    6.57142e+03   -3.89959e+04   -3.89959e+04    2.98193e+02   -1.95132e+02
 Pressure (bar)
   -2.24846e+03

           Step           Time
           2000        4.00000

   Energies (kJ/mol)
        LJ (SR)  Disper. corr.   Coulomb (SR)   Coul. recip.      Potential
    5.94643e+03   -3.16895e+02   -4.24271e+04    2.41061e+02   -3.65565e+04
    Kinetic En.   Total Energy  Conserved En.    Temperature Pres. DC (bar)
    6.19309e+03   -3.03634e+04   -3.81823e+04    2.81025e+02   -1.95132e+02
 Pressure (bar)
   -1.05857e+03

           Step           Time
           4000        8.00000

   Energies (kJ/mol)
        LJ (SR)  Disper. corr.   Coulomb (SR)   Coul. recip.      Potential
    6.29453e+03   -3.16895e+02   -4.17011e+04    2.30873e+02   -3.54926e+04
    Kinetic En.   Total Energy  Conserved En.    Temperature Pres. DC (bar)
    7.31950e+03   -2.81731e+04   -3.78517e+04    3.32139e+02   -1.95132e+02
 Pressure (bar)
    7.34270e+02

           Step           Time
           6000       12.00000

   Energies (kJ/mol)
        LJ (SR)  Disper. corr.   Coulomb (SR)   Coul. recip.      Potential
    6.53098e+03   -3.16895e+02   -4.38426e+04    2.01715e+02   -3.74268e+04
    Kinetic En.   Total Energy  Conserved En.    Temperature Pres. DC (bar)
    6.47361e+03   -3.09532e+04   -3.78009e+04    2.93754e+02   -1.95132e+02
 Pressure (bar)
   -5.21379e+02

           Step           Time
           8000       16.00000

   Energies (kJ/mol)
        LJ (SR)  Disper. corr.   Coulomb (SR)   Coul. recip.      Potential
    6.15639e+03   -3.16895e+02   -4.30834e+04    2.10263e+02   -3.70337e+04
    Kinetic En.   Total Energy  Conserved En.    Temperature Pres. DC (bar)
    6.40736e+03   -3.06263e+04   -3.78308e+04    2.90748e+02   -1.95132e+02
 Pressure (bar)
   -9.20740e+02

           Step           Time
          10000       20.00000

   Energies (kJ/mol)
        LJ (SR)  Disper. corr.   Coulomb (SR)   Coul. recip.      Potential
    6.36889e+03   -3.16895e+02   -4.28779e+04    2.27587e+02   -3.65983e+04
    Kinetic En.   Total Energy  Conserved En.    Temperature Pres. DC (bar)
    6.66117e+03   -2.99372e+04   -3.78204e+04    3.02266e+02   -1.95132e+02
 Pressure (bar)
   -9.29562e+01

           Step           Time
          12000       24.00000

   Energies (kJ/mol)
        LJ (SR)  Disper. corr.   Coulomb (SR)   Coul. recip.      Potential
    6.59789e+03   -3.16895e+02   -4.34663e+04    2.18585e+02   -3.69667e+04
    Kinetic En.   Total Energy  Conserved En.    Temperature Pres. DC (bar)
    6.59882e+03   -3.03679e+04   -3.78024e+04    2.99436e+02   -1.95132e+02
 Pressure (bar)
   -1.37724e+01

           Step           Time
          14000       28.00000

   Energies (kJ/mol)
        LJ (SR)  Disper. corr.   Coulomb (SR)   Coul. recip.      Potential
    6.82641e+03   -3.16895e+02   -4.35559e+04    2.32426e+02   -3.68140e+04
    Kinetic En.   Total Energy  Conserved En.    Temperature Pres. DC (bar)
    6.30475e+03   -3.05092e+04   -3.77978e+04    2.86092e+02   -1.95132e+02
 Pressure (bar)
    6.23141e+02

           Step           Time
          16000       32.00000

   Energies (kJ/mol)
        LJ (SR)  Disper. corr.   Coulomb (SR)   Coul. recip.      Potential
    6.61236e+03   -3.16895e+02   -4.33852e+04    2.09441e+02   -3.68803e+04
    Kinetic En.   Total Energy  Conserved En.    Temperature Pres. DC (bar)
    6.41483e+03   -3.04655e+04   -3.78138e+04    2.91087e+02   -1.95132e+02
 Pressure (bar)
    2.58785e+02

           Step           Time
          18000       36.00000

   Energies (kJ/mol)
        LJ (SR)  Disper. corr.   Coulomb (SR)   Coul. recip.      Potential
    6.43776e+03   -3.16895e+02   -4.33346e+04    2.21570e+02   -3.69922e+04
    Kinetic En.   Total Energy  Conserved En.    Temperature Pres. DC (bar)
    6.52742e+03   -3.04647e+04   -3.78149e+04    2.96196e+02   -1.95132e+02
 Pressure (bar)
   -2.49446e+02

           Step           Time
          20000       40.00000

   Energies (kJ/mol)
        LJ (SR)  Disper. corr.   Coulomb (SR)   Coul. recip.      Potential
    6.57409e+03   -3.16895e+02   -4.31802e+04    2.34008e+02   -3.66890e+04
    Kinetic En.   Total Energy  Conserved En.    Temperature Pres. DC (bar)
    6.60603e+03   -3.00830e+04   -3.78064e+04    2.99763e+02   -1.95132e+02
 Pressure (bar)
    2.08642e+02

           Step           Time
          22000       44.00000

   Energies (kJ/mol)
        LJ (SR)  Disper. corr.   Coulomb (SR)   Coul. recip.      Potential
    6.56191e+03   -3.16895e+02   -4.34446e+04    2.10384e+02   -3.69891e+04
    Kinetic En.   Total Energy  Conserved En.    Temperature Pres. DC (bar)
    6.65587e+03   -3.03333e+04   -3.77967e+04    3.02025e+02   -1.95132e+02
 Pressure (bar)
   -7.36118e+01

           Step           Time
          24000       48.00000

   Energies (kJ/mol)
        LJ (SR)  Disper. corr.   Coulomb (SR)   Coul. recip.      Potential
    6.81822e+03   -3.16895e+02   -4.36842e+04    2.25423e+02   -3.69574e+04
    Kinetic En.   Total Energy  Conserved En.    Temperature Pres. DC (bar)
    6.43656e+03   -3.05209e+04   -3.77950e+04    2.92073e+02   -1.95132e+02
 Pressure (bar)
    5.80975e+02

           Step           Time
          26000       52.00000

   Energies (kJ/mol)
        LJ (SR)  Disper. corr.   Coulomb (SR)   Coul. recip.      Potential
    6.41978e+03   -3.16895e+02   -4.31850e+04    2.17310e+02   -3.68648e+04
    Kinetic En.   Total Energy  Conserved En.    Temperature Pres. DC (bar)
    6.40469e+03   -3.04601e+04   -3.78085e+04    2.90627e+02   -1.95132e+02
 Pressure (bar)
   -1.06565e+02

           Step           Time
          28000       56.00000

   Energies (kJ/mol)
        LJ (SR)  Disper. corr.   Coulomb (SR)   Coul. recip.      Potential
    6.59936e+03   -3.16895e+02   -4.35700e+04    2.10948e+02   -3.70766e+04
    Kinetic En.   Total Energy  Conserved En.    Temperature Pres. DC (bar)
    6.59744e+03   -3.04791e+04   -3.78002e+04    2.99374e+02   -1.95132e+02
 Pressure (bar)
    5.34194e+01

           Step           Time
          30000       60.00000

   Energies (kJ/mol)
        LJ (SR)  Disper. corr.   Coulomb (SR)   Coul. recip.      Potential
    6.50321e+03   -3.16895e+02   -4.34611e+04    2.61401e+02   -3.70134e+04
    Kinetic En.   Total Energy  Conserved En.    Temperature Pres. DC (bar)
    6.59742e+03   -3.04160e+04   -3.77928e+04    2.99373e+02   -1.95132e+02
 Pressure (bar)
   -2.16449e+02

           Step           Time
          32000       64.00000

   Energies (kJ/mol)
        LJ (SR)  Disper. corr.   Coulomb (SR)   Coul. recip.      Potential
    6.35480e+03   -3.16895e+02   -4.28529e+04    2.37902e+02   -3.65771e+04
    Kinetic En.   Total Energy  Conserved En.    Temperature Pres. DC (bar)
    6.53209e+03   -3.00450e+04   -3.77948e+04    2.96408e+02   -1.95132e+02
 Pressure (bar)
   -4.77269e+00

           Step           Time
          34000       68.00000

   Energies (kJ/mol)
        LJ (SR)  Disper. corr.   Coulomb (SR)   Coul. recip.      Potential
    6.28886e+03   -3.16895e+02   -4.32920e+04    2.10262e+02   -3.71097e+04
    Kinetic En.   Total Energy  Conserved En.    Temperature Pres. DC (bar)
    6.53140e+03   -3.05783e+04   -3.77895e+04    2.96377e+02   -1.95132e+02
 Pressure (bar)
   -6.05186e+02

           Step           Time
          36000       72.00000

   Energies (kJ/mol)
        LJ (SR)  Disper. corr.   Coulomb (SR)   Coul. recip.      Potential
    6.32652e+03   -3.16895e+02   -4.30748e+04    1.93348e+02   -3.68719e+04
    Kinetic En.   Total Energy  Conserved En.    Temperature Pres. DC (bar)
    6.48923e+03   -3.03826e+04   -3.78062e+04    2.94464e+02   -1.95132e+02
 Pressure (bar)
   -4.88105e+02

           Step           Time
          38000       76.00000

   Energies (kJ/mol)
        LJ (SR)  Disper. corr.   Coulomb (SR)   Coul. recip.      Potential
    6.77040e+03   -3.16895e+02   -4.34240e+04    2.17366e+02   -3.67531e+04
    Kinetic En.   Total Energy  Conserved En.    Temperature Pres. DC (bar)
    6.85439e+03   -2.98987e+04   -3.77954e+04    3.11033e+02   -1.95132e+02
 Pressure (bar)
    6.60566e+02

           Step           Time
          40000       80.00000

   Energies (kJ/mol)
        LJ (SR)  Disper. corr.   Coulomb (SR)   Coul. recip.      Potential
    6.74713e+03   -3.16895e+02   -4.38600e+04    2.00822e+02   -3.72290e+04
    Kinetic En.   Total Energy  Conserved En.    Temperature Pres. DC (bar)
    6.63903e+03   -3.05899e+04   -3.77867e+04    3.01261e+02   -1.95132e+02
 Pressure (bar)
    2.59370e+02

           Step           Time
          42000       84.00000

   Energies (kJ/mol)
        LJ (SR)  Disper. corr.   Coulomb (SR)   Coul. recip.      Potential
    6.50509e+03   -3.16895e+02   -4.33769e+04    2.17762e+02   -3.69709e+04
    Kinetic En.   Total Energy  Conserved En.    Temperature Pres. DC (bar)
    6.41362e+03   -3.05573e+04   -3.77891e+04    2.91033e+02   -1.95132e+02
 Pressure (bar)
   -1.12959e+02

           Step           Time
          44000       88.00000

   Energies (kJ/mol)
        LJ (SR)  Disper. corr.   Coulomb (SR)   Coul. recip.      Potential
    6.92025e+03   -3.16895e+02   -4.37791e+04    2.25708e+02   -3.69500e+04
    Kinetic En.   Total Energy  Conserved En.    Temperature Pres. DC (bar)
    6.42946e+03   -3.05206e+04   -3.77871e+04    2.91751e+02   -1.95132e+02
 Pressure (bar)
    7.41688e+02

           Step           Time
          46000       92.00000

   Energies (kJ/mol)
        LJ (SR)  Disper. corr.   Coulomb (SR)   Coul. recip.      Potential
    6.58681e+03   -3.16895e+02   -4.33110e+04    1.99528e+02   -3.68415e+04
    Kinetic En.   Total Energy  Conserved En.    Temperature Pres. DC (bar)
    6.41102e+03   -3.04305e+04   -3.77943e+04    2.90914e+02   -1.95132e+02
 Pressure (bar)
    1.39179e+02

           Step           Time
          48000       96.00000

   Energies (kJ/mol)
        LJ (SR)  Disper. corr.   Coulomb (SR)   Coul. recip.      Potential
    6.96322e+03   -3.16895e+02   -4.42227e+04    1.97902e+02   -3.73784e+04
    Kinetic En.   Total Energy  Conserved En.    Temperature Pres. DC (bar)
    6.73675e+03   -3.06417e+04   -3.77992e+04    3.05695e+02   -1.95132e+02
 Pressure (bar)
    4.29880e+02

           Step           Time
          50000      100.00000

Writing checkpoint, step 50000 at Thu Jul 18 00:08:56 2019


   Energies (kJ/mol)
        LJ (SR)  Disper. corr.   Coulomb (SR)   Coul. recip.      Potential
    6.68422e+03   -3.16895e+02   -4.36877e+04    2.16528e+02   -3.71039e+04
    Kinetic En.   Total Energy  Conserved En.    Temperature Pres. DC (bar)
    6.47991e+03   -3.06239e+04   -3.78057e+04    2.94041e+02   -1.95132e+02
 Pressure (bar)
    1.44024e+02

	<======  ###############  ==>
	<====  A V E R A G E S  ====>
	<==  ###############  ======>

	Statistics over 50001 steps using 501 frames

   Energies (kJ/mol)
        LJ (SR)  Disper. corr.   Coulomb (SR)   Coul. recip.      Potential
    6.54870e+03   -3.16895e+02   -4.33711e+04    2.16682e+02   -3.69226e+04
    Kinetic En.   Total Energy  Conserved En.    Temperature Pres. DC (bar)
    6.57216e+03   -3.03505e+04   -3.78330e+04    2.98226e+02   -1.95132e+02
 Pressure (bar)
    3.45513e+01

   Total Virial (kJ/mol)
    2.14528e+03   -1.34145e+01   -7.13704e+00
   -1.34033e+01    2.17562e+03   -1.44367e+01
   -7.12826e+00   -1.44184e+01    2.16698e+03

   Pressure (bar)
    5.22268e+01    1.42441e+01    8.96077e+00
    1.42303e+01    1.78362e+01    1.75798e+01
    8.94996e+00    1.75573e+01    3.35909e+01


	M E G A - F L O P S   A C C O U N T I N G

 NB=Group-cutoff nonbonded kernels    NxN=N-by-N cluster Verlet kernels
 RF=Reaction-Field  VdW=Van der Waals  QSTab=quadratic-spline table
 W3=SPC/TIP3p  W4=TIP4p (single or pairs)
 V&F=Potential and force  V=Potential only  F=Force only

 Computing:                               M-Number         M-Flops  % Flops
-----------------------------------------------------------------------------
 Pair Search distance check             854.476880        7690.292     0.3
 NxN QSTab Elec. + LJ [F]             34077.404256     1397173.574    49.0
 NxN QSTab Elec. + LJ [V&F]             344.780360       20342.041     0.7
 NxN QSTab Elec. [F]                  33510.519664     1139357.669    39.9
 NxN QSTab Elec. [V&F]                  339.151464       13905.210     0.5
 Calc Weights                           397.807956       14321.086     0.5
 Spread Q Bspline                      8486.569728       16973.139     0.6
 Gather F Bspline                      8486.569728       50919.418     1.8
 3D-FFT                               21768.435360      174147.483     6.1
 Solve PME                               31.250625        2000.040     0.1
 Shift-X                                  2.654652          15.928     0.0
 Virial                                   1.351197          24.322     0.0
 Stop-CM                                  1.331304          13.313     0.0
 Calc-Ekin                               26.525304         716.183     0.0
 Constraint-V                           132.605304        1060.842     0.0
 Constraint-Vir                           1.328652          31.888     0.0
 Settle                                  44.202652       14277.457     0.5
-----------------------------------------------------------------------------
 Total                                                 2852969.886   100.0
-----------------------------------------------------------------------------


     R E A L   C Y C L E   A N D   T I M E   A C C O U N T I N G

On 1 MPI rank, each using 8 OpenMP threads

 Computing:          Num   Num      Call    Wall time         Giga-Cycles
                     Ranks Threads  Count      (s)         total sum    %
-----------------------------------------------------------------------------
 Neighbor search        1    8       1001       1.115         22.241   1.6
 Force                  1    8      50001      37.696        752.018  53.7
 PME mesh               1    8      50001      25.077        500.272  35.7
 NB X/F buffer ops.     1    8      99001       3.841         76.618   5.5
 Write traj.            1    8          6       0.026          0.515   0.0
 Update                 1    8      50001       1.183         23.603   1.7
 Constraints            1    8      50003       0.822         16.390   1.2
 Rest                                           0.399          7.966   0.6
-----------------------------------------------------------------------------
 Total                                         70.158       1399.624 100.0
-----------------------------------------------------------------------------
 Breakdown of PME mesh computation
-----------------------------------------------------------------------------
 PME spread             1    8      50001      10.831        216.070  15.4
 PME gather             1    8      50001       6.610        131.863   9.4
 PME 3D-FFT             1    8     100002       6.932        138.292   9.9
 PME solve Elec         1    8      50001       0.489          9.763   0.7
-----------------------------------------------------------------------------

               Core t (s)   Wall t (s)        (%)
       Time:      561.257       70.158      800.0
                 (ns/day)    (hour/ns)
Performance:      123.153        0.195
Finished mdrun on rank 0 Thu Jul 18 00:08:56 2019

